This file contains any messages produced by compilers while
running configure, to aid debugging if configure makes a mistake.

It was created by nm-applet configure 1.8.20, which was
generated by GNU Autoconf 2.69.  Invocation command line was

  $ ./configure --build=x86_64-linux-gnu --prefix=/usr --includedir=${prefix}/include --mandir=${prefix}/share/man --infodir=${prefix}/share/info --sysconfdir=/etc --localstatedir=/var --disable-silent-rules --libdir=${prefix}/lib/x86_64-linux-gnu --libexecdir=${prefix}/lib/x86_64-linux-gnu --runstatedir=/run --disable-maintainer-mode --disable-dependency-tracking --libexecdir=/usr/lib/NetworkManager --disable-more-warnings --disable-static --enable-introspection --enable-gtk-doc --with-appindicator=ubuntu --with-gcr --with-libnm-gtk --with-selinux --with-wwan

## --------- ##
## Platform. ##
## --------- ##

hostname = 5444dc2dee5f
uname -m = x86_64
uname -r = 5.0.0-15-generic
uname -s = Linux
uname -v = #16pop0-Ubuntu SMP Wed May 15 14:41:25 UTC 2019

/usr/bin/uname -p = x86_64
/bin/uname -X     = unknown

/bin/arch              = x86_64
/usr/bin/arch -k       = unknown
/usr/convex/getsysinfo = unknown
/usr/bin/hostinfo      = unknown
/bin/machine           = unknown
/usr/bin/oslevel       = unknown
/bin/universe          = unknown

PATH: /usr/sbin
PATH: /usr/bin
PATH: /sbin
PATH: /bin
PATH: /usr/bin/X11


## ----------- ##
## Core tests. ##
## ----------- ##

configure:2627: checking for a BSD-compatible install
configure:2695: result: /usr/bin/install -c
configure:2706: checking whether build environment is sane
configure:2761: result: yes
configure:2910: checking for a thread-safe mkdir -p
configure:2949: result: /usr/bin/mkdir -p
configure:2956: checking for gawk
configure:2986: result: no
configure:2956: checking for mawk
configure:2972: found /usr/bin/mawk
configure:2983: result: mawk
configure:2994: checking whether make sets $(MAKE)
configure:3016: result: yes
configure:3045: checking whether make supports nested variables
configure:3062: result: yes
configure:3189: checking whether to enable maintainer-specific portions of Makefiles
configure:3198: result: no
configure:3222: checking whether make supports nested variables
configure:3239: result: yes
configure:3308: checking for gcc
configure:3324: found /usr/bin/gcc
configure:3335: result: gcc
configure:3564: checking for C compiler version
configure:3573: gcc --version >&5
gcc (Ubuntu 8.3.0-6ubuntu1) 8.3.0
Copyright (C) 2018 Free Software Foundation, Inc.
This is free software; see the source for copying conditions.  There is NO
warranty; not even for MERCHANTABILITY or FITNESS FOR A PARTICULAR PURPOSE.

configure:3584: $? = 0
configure:3573: gcc -v >&5
Using built-in specs.
COLLECT_GCC=gcc
COLLECT_LTO_WRAPPER=/usr/lib/gcc/x86_64-linux-gnu/8/lto-wrapper
OFFLOAD_TARGET_NAMES=nvptx-none
OFFLOAD_TARGET_DEFAULT=1
Target: x86_64-linux-gnu
Configured with: ../src/configure -v --with-pkgversion='Ubuntu 8.3.0-6ubuntu1' --with-bugurl=file:///usr/share/doc/gcc-8/README.Bugs --enable-languages=c,ada,c++,go,brig,d,fortran,objc,obj-c++ --prefix=/usr --with-gcc-major-version-only --program-suffix=-8 --program-prefix=x86_64-linux-gnu- --enable-shared --enable-linker-build-id --libexecdir=/usr/lib --without-included-gettext --enable-threads=posix --libdir=/usr/lib --enable-nls --enable-bootstrap --enable-clocale=gnu --enable-libstdcxx-debug --enable-libstdcxx-time=yes --with-default-libstdcxx-abi=new --enable-gnu-unique-object --disable-vtable-verify --enable-libmpx --enable-plugin --enable-default-pie --with-system-zlib --with-target-system-zlib --enable-objc-gc=auto --enable-multiarch --disable-werror --with-arch-32=i686 --with-abi=m64 --with-multilib-list=m32,m64,mx32 --enable-multilib --with-tune=generic --enable-offload-targets=nvptx-none --without-cuda-driver --enable-checking=release --build=x86_64-linux-gnu --host=x86_64-linux-gnu --target=x86_64-linux-gnu
Thread model: posix
gcc version 8.3.0 (Ubuntu 8.3.0-6ubuntu1) 
configure:3584: $? = 0
configure:3573: gcc -V >&5
gcc: error: unrecognized command line option '-V'
gcc: fatal error: no input files
compilation terminated.
configure:3584: $? = 1
configure:3573: gcc -qversion >&5
gcc: error: unrecognized command line option '-qversion'; did you mean '--version'?
gcc: fatal error: no input files
compilation terminated.
configure:3584: $? = 1
configure:3604: checking whether the C compiler works
configure:3626: gcc -g -O2 -fdebug-prefix-map=/workdir/network-manager-applet=. -fstack-protector-strong -Wformat -Werror=format-security -Wdate-time -D_FORTIFY_SOURCE=2 -Wl,-Bsymbolic-functions -Wl,-z,relro -Wl,-z,defs -Wl,--as-needed conftest.c  >&5
configure:3630: $? = 0
configure:3678: result: yes
configure:3681: checking for C compiler default output file name
configure:3683: result: a.out
configure:3689: checking for suffix of executables
configure:3696: gcc -o conftest -g -O2 -fdebug-prefix-map=/workdir/network-manager-applet=. -fstack-protector-strong -Wformat -Werror=format-security -Wdate-time -D_FORTIFY_SOURCE=2 -Wl,-Bsymbolic-functions -Wl,-z,relro -Wl,-z,defs -Wl,--as-needed conftest.c  >&5
configure:3700: $? = 0
configure:3722: result: 
configure:3744: checking whether we are cross compiling
configure:3752: gcc -o conftest -g -O2 -fdebug-prefix-map=/workdir/network-manager-applet=. -fstack-protector-strong -Wformat -Werror=format-security -Wdate-time -D_FORTIFY_SOURCE=2 -Wl,-Bsymbolic-functions -Wl,-z,relro -Wl,-z,defs -Wl,--as-needed conftest.c  >&5
configure:3756: $? = 0
configure:3763: ./conftest
configure:3767: $? = 0
configure:3755: result: no
configure:3760: checking for suffix of object files
configure:3782: gcc -c -g -O2 -fdebug-prefix-map=/workdir/network-manager-applet=. -fstack-protector-strong -Wformat -Werror=format-security -Wdate-time -D_FORTIFY_SOURCE=2 conftest.c >&5
configure:3786: $? = 0
configure:3807: result: o
configure:3811: checking whether we are using the GNU C compiler
configure:3830: gcc -c -g -O2 -fdebug-prefix-map=/workdir/network-manager-applet=. -fstack-protector-strong -Wformat -Werror=format-security -Wdate-time -D_FORTIFY_SOURCE=2 conftest.c >&5
configure:3830: $? = 0
configure:3839: result: yes
configure:3848: checking whether gcc accepts -g
configure:3868: gcc -c -g -Wdate-time -D_FORTIFY_SOURCE=2 conftest.c >&5
configure:3868: $? = 0
configure:3909: result: yes
configure:3926: checking for gcc option to accept ISO C89
configure:3989: gcc  -c -g -O2 -fdebug-prefix-map=/workdir/network-manager-applet=. -fstack-protector-strong -Wformat -Werror=format-security -Wdate-time -D_FORTIFY_SOURCE=2 conftest.c >&5
configure:3989: $? = 0
configure:4002: result: none needed
configure:4027: checking whether gcc understands -c and -o together
configure:4049: gcc -c conftest.c -o conftest2.o
configure:4052: $? = 0
configure:4049: gcc -c conftest.c -o conftest2.o
configure:4052: $? = 0
configure:4064: result: yes
configure:4084: checking whether make supports the include directive
configure:4099: make -f confmf.GNU && cat confinc.out
make[2]: Entering directory '/workdir/network-manager-applet'
make[2]: Leaving directory '/workdir/network-manager-applet'
this is the am__doit target
configure:4102: $? = 0
configure:4121: result: yes (GNU style)
configure:4146: checking dependency style of gcc
configure:4257: result: none
configure:4327: checking for pkg-config
configure:4345: found /usr/bin/pkg-config
configure:4357: result: /usr/bin/pkg-config
configure:4382: checking pkg-config is at least version 0.9.0
configure:4385: result: yes
configure:4396: checking for file
configure:4412: found /usr/bin/file
configure:4424: result: yes
configure:4438: checking for find
configure:4454: found /usr/bin/find
configure:4466: result: yes
configure:4484: checking how to run the C preprocessor
configure:4515: gcc -E -Wdate-time -D_FORTIFY_SOURCE=2 conftest.c
configure:4515: $? = 0
configure:4529: gcc -E -Wdate-time -D_FORTIFY_SOURCE=2 conftest.c
conftest.c:11:10: fatal error: ac_nonexistent.h: No such file or directory
 #include <ac_nonexistent.h>
          ^~~~~~~~~~~~~~~~~~
compilation terminated.
configure:4529: $? = 1
configure: failed program was:
| /* confdefs.h */
| #define PACKAGE_NAME "nm-applet"
| #define PACKAGE_TARNAME "network-manager-applet"
| #define PACKAGE_VERSION "1.8.20"
| #define PACKAGE_STRING "nm-applet 1.8.20"
| #define PACKAGE_BUGREPORT "https://gitlab.gnome.org/GNOME/network-manager-applet/issues"
| #define PACKAGE_URL ""
| #define PACKAGE "network-manager-applet"
| #define VERSION "1.8.20"
| /* end confdefs.h.  */
| #include <ac_nonexistent.h>
configure:4554: result: gcc -E
configure:4574: gcc -E -Wdate-time -D_FORTIFY_SOURCE=2 conftest.c
configure:4574: $? = 0
configure:4588: gcc -E -Wdate-time -D_FORTIFY_SOURCE=2 conftest.c
conftest.c:11:10: fatal error: ac_nonexistent.h: No such file or directory
 #include <ac_nonexistent.h>
          ^~~~~~~~~~~~~~~~~~
compilation terminated.
configure:4588: $? = 1
configure: failed program was:
| /* confdefs.h */
| #define PACKAGE_NAME "nm-applet"
| #define PACKAGE_TARNAME "network-manager-applet"
| #define PACKAGE_VERSION "1.8.20"
| #define PACKAGE_STRING "nm-applet 1.8.20"
| #define PACKAGE_BUGREPORT "https://gitlab.gnome.org/GNOME/network-manager-applet/issues"
| #define PACKAGE_URL ""
| #define PACKAGE "network-manager-applet"
| #define VERSION "1.8.20"
| /* end confdefs.h.  */
| #include <ac_nonexistent.h>
configure:4617: checking for grep that handles long lines and -e
configure:4675: result: /usr/bin/grep
configure:4680: checking for egrep
configure:4742: result: /usr/bin/grep -E
configure:4747: checking for ANSI C header files
configure:4767: gcc -c -g -O2 -fdebug-prefix-map=/workdir/network-manager-applet=. -fstack-protector-strong -Wformat -Werror=format-security -Wdate-time -D_FORTIFY_SOURCE=2 conftest.c >&5
configure:4767: $? = 0
configure:4840: gcc -o conftest -g -O2 -fdebug-prefix-map=/workdir/network-manager-applet=. -fstack-protector-strong -Wformat -Werror=format-security -Wdate-time -D_FORTIFY_SOURCE=2 -Wl,-Bsymbolic-functions -Wl,-z,relro -Wl,-z,defs -Wl,--as-needed conftest.c  >&5
configure:4840: $? = 0
configure:4840: ./conftest
configure:4840: $? = 0
configure:4851: result: yes
configure:4864: checking for sys/types.h
configure:4864: gcc -c -g -O2 -fdebug-prefix-map=/workdir/network-manager-applet=. -fstack-protector-strong -Wformat -Werror=format-security -Wdate-time -D_FORTIFY_SOURCE=2 conftest.c >&5
configure:4864: $? = 0
configure:4864: result: yes
configure:4864: checking for sys/stat.h
configure:4864: gcc -c -g -O2 -fdebug-prefix-map=/workdir/network-manager-applet=. -fstack-protector-strong -Wformat -Werror=format-security -Wdate-time -D_FORTIFY_SOURCE=2 conftest.c >&5
configure:4864: $? = 0
configure:4864: result: yes
configure:4864: checking for stdlib.h
configure:4864: gcc -c -g -O2 -fdebug-prefix-map=/workdir/network-manager-applet=. -fstack-protector-strong -Wformat -Werror=format-security -Wdate-time -D_FORTIFY_SOURCE=2 conftest.c >&5
configure:4864: $? = 0
configure:4864: result: yes
configure:4864: checking for string.h
configure:4864: gcc -c -g -O2 -fdebug-prefix-map=/workdir/network-manager-applet=. -fstack-protector-strong -Wformat -Werror=format-security -Wdate-time -D_FORTIFY_SOURCE=2 conftest.c >&5
configure:4864: $? = 0
configure:4864: result: yes
configure:4864: checking for memory.h
configure:4864: gcc -c -g -O2 -fdebug-prefix-map=/workdir/network-manager-applet=. -fstack-protector-strong -Wformat -Werror=format-security -Wdate-time -D_FORTIFY_SOURCE=2 conftest.c >&5
configure:4864: $? = 0
configure:4864: result: yes
configure:4864: checking for strings.h
configure:4864: gcc -c -g -O2 -fdebug-prefix-map=/workdir/network-manager-applet=. -fstack-protector-strong -Wformat -Werror=format-security -Wdate-time -D_FORTIFY_SOURCE=2 conftest.c >&5
configure:4864: $? = 0
configure:4864: result: yes
configure:4864: checking for inttypes.h
configure:4864: gcc -c -g -O2 -fdebug-prefix-map=/workdir/network-manager-applet=. -fstack-protector-strong -Wformat -Werror=format-security -Wdate-time -D_FORTIFY_SOURCE=2 conftest.c >&5
configure:4864: $? = 0
configure:4864: result: yes
configure:4864: checking for stdint.h
configure:4864: gcc -c -g -O2 -fdebug-prefix-map=/workdir/network-manager-applet=. -fstack-protector-strong -Wformat -Werror=format-security -Wdate-time -D_FORTIFY_SOURCE=2 conftest.c >&5
configure:4864: $? = 0
configure:4864: result: yes
configure:4864: checking for unistd.h
configure:4864: gcc -c -g -O2 -fdebug-prefix-map=/workdir/network-manager-applet=. -fstack-protector-strong -Wformat -Werror=format-security -Wdate-time -D_FORTIFY_SOURCE=2 conftest.c >&5
configure:4864: $? = 0
configure:4864: result: yes
configure:4877: checking minix/config.h usability
configure:4877: gcc -c -g -O2 -fdebug-prefix-map=/workdir/network-manager-applet=. -fstack-protector-strong -Wformat -Werror=format-security -Wdate-time -D_FORTIFY_SOURCE=2 conftest.c >&5
conftest.c:54:10: fatal error: minix/config.h: No such file or directory
 #include <minix/config.h>
          ^~~~~~~~~~~~~~~~
compilation terminated.
configure:4877: $? = 1
configure: failed program was:
| /* confdefs.h */
| #define PACKAGE_NAME "nm-applet"
| #define PACKAGE_TARNAME "network-manager-applet"
| #define PACKAGE_VERSION "1.8.20"
| #define PACKAGE_STRING "nm-applet 1.8.20"
| #define PACKAGE_BUGREPORT "https://gitlab.gnome.org/GNOME/network-manager-applet/issues"
| #define PACKAGE_URL ""
| #define PACKAGE "network-manager-applet"
| #define VERSION "1.8.20"
| #define STDC_HEADERS 1
| #define HAVE_SYS_TYPES_H 1
| #define HAVE_SYS_STAT_H 1
| #define HAVE_STDLIB_H 1
| #define HAVE_STRING_H 1
| #define HAVE_MEMORY_H 1
| #define HAVE_STRINGS_H 1
| #define HAVE_INTTYPES_H 1
| #define HAVE_STDINT_H 1
| #define HAVE_UNISTD_H 1
| /* end confdefs.h.  */
| #include <stdio.h>
| #ifdef HAVE_SYS_TYPES_H
| # include <sys/types.h>
| #endif
| #ifdef HAVE_SYS_STAT_H
| # include <sys/stat.h>
| #endif
| #ifdef STDC_HEADERS
| # include <stdlib.h>
| # include <stddef.h>
| #else
| # ifdef HAVE_STDLIB_H
| #  include <stdlib.h>
| # endif
| #endif
| #ifdef HAVE_STRING_H
| # if !defined STDC_HEADERS && defined HAVE_MEMORY_H
| #  include <memory.h>
| # endif
| # include <string.h>
| #endif
| #ifdef HAVE_STRINGS_H
| # include <strings.h>
| #endif
| #ifdef HAVE_INTTYPES_H
| # include <inttypes.h>
| #endif
| #ifdef HAVE_STDINT_H
| # include <stdint.h>
| #endif
| #ifdef HAVE_UNISTD_H
| # include <unistd.h>
| #endif
| #include <minix/config.h>
configure:4877: result: no
configure:4877: checking minix/config.h presence
configure:4877: gcc -E -Wdate-time -D_FORTIFY_SOURCE=2 conftest.c
conftest.c:21:10: fatal error: minix/config.h: No such file or directory
 #include <minix/config.h>
          ^~~~~~~~~~~~~~~~
compilation terminated.
configure:4877: $? = 1
configure: failed program was:
| /* confdefs.h */
| #define PACKAGE_NAME "nm-applet"
| #define PACKAGE_TARNAME "network-manager-applet"
| #define PACKAGE_VERSION "1.8.20"
| #define PACKAGE_STRING "nm-applet 1.8.20"
| #define PACKAGE_BUGREPORT "https://gitlab.gnome.org/GNOME/network-manager-applet/issues"
| #define PACKAGE_URL ""
| #define PACKAGE "network-manager-applet"
| #define VERSION "1.8.20"
| #define STDC_HEADERS 1
| #define HAVE_SYS_TYPES_H 1
| #define HAVE_SYS_STAT_H 1
| #define HAVE_STDLIB_H 1
| #define HAVE_STRING_H 1
| #define HAVE_MEMORY_H 1
| #define HAVE_STRINGS_H 1
| #define HAVE_INTTYPES_H 1
| #define HAVE_STDINT_H 1
| #define HAVE_UNISTD_H 1
| /* end confdefs.h.  */
| #include <minix/config.h>
configure:4877: result: no
configure:4877: checking for minix/config.h
configure:4877: result: no
configure:4898: checking whether it is safe to define __EXTENSIONS__
configure:4916: gcc -c -g -O2 -fdebug-prefix-map=/workdir/network-manager-applet=. -fstack-protector-strong -Wformat -Werror=format-security -Wdate-time -D_FORTIFY_SOURCE=2 conftest.c >&5
configure:4916: $? = 0
configure:4923: result: yes
configure:4968: checking build system type
configure:4982: result: x86_64-pc-linux-gnu
configure:5002: checking host system type
configure:5015: result: x86_64-pc-linux-gnu
configure:5056: checking how to print strings
configure:5083: result: printf
configure:5104: checking for a sed that does not truncate output
configure:5168: result: /usr/bin/sed
configure:5186: checking for fgrep
configure:5248: result: /usr/bin/grep -F
configure:5283: checking for ld used by gcc
configure:5350: result: /usr/bin/ld
configure:5357: checking if the linker (/usr/bin/ld) is GNU ld
configure:5372: result: yes
configure:5384: checking for BSD- or MS-compatible name lister (nm)
configure:5438: result: /usr/bin/nm -B
configure:5568: checking the name lister (/usr/bin/nm -B) interface
configure:5575: gcc -c -g -O2 -fdebug-prefix-map=/workdir/network-manager-applet=. -fstack-protector-strong -Wformat -Werror=format-security -Wdate-time -D_FORTIFY_SOURCE=2 conftest.c >&5
configure:5578: /usr/bin/nm -B "conftest.o"
configure:5581: output
0000000000000000 B some_variable
configure:5582: result: BSD nm
configure:5585: checking whether ln -s works
configure:5589: result: yes
configure:5597: checking the maximum length of command line arguments
configure:5728: result: 1572864
configure:5776: checking how to convert x86_64-pc-linux-gnu file names to x86_64-pc-linux-gnu format
configure:5816: result: func_convert_file_noop
configure:5823: checking how to convert x86_64-pc-linux-gnu file names to toolchain format
configure:5843: result: func_convert_file_noop
configure:5850: checking for /usr/bin/ld option to reload object files
configure:5857: result: -r
configure:5931: checking for objdump
configure:5947: found /usr/bin/objdump
configure:5958: result: objdump
configure:5990: checking how to recognize dependent libraries
configure:6190: result: pass_all
configure:6275: checking for dlltool
configure:6305: result: no
configure:6335: checking how to associate runtime and link libraries
configure:6362: result: printf %s\n
configure:6422: checking for ar
configure:6438: found /usr/bin/ar
configure:6449: result: ar
configure:6486: checking for archiver @FILE support
configure:6503: gcc -c -g -O2 -fdebug-prefix-map=/workdir/network-manager-applet=. -fstack-protector-strong -Wformat -Werror=format-security -Wdate-time -D_FORTIFY_SOURCE=2 conftest.c >&5
configure:6503: $? = 0
configure:6506: ar cru libconftest.a @conftest.lst >&5
ar: `u' modifier ignored since `D' is the default (see `U')
configure:6509: $? = 0
configure:6514: ar cru libconftest.a @conftest.lst >&5
ar: `u' modifier ignored since `D' is the default (see `U')
ar: conftest.o: No such file or directory
configure:6517: $? = 1
configure:6516: result: @
configure:6574: checking for strip
configure:6590: found /usr/bin/strip
configure:6601: result: strip
configure:6673: checking for ranlib
configure:6689: found /usr/bin/ranlib
configure:6700: result: ranlib
configure:6802: checking command to parse /usr/bin/nm -B output from gcc object
configure:6955: gcc -c -g -O2 -fdebug-prefix-map=/workdir/network-manager-applet=. -fstack-protector-strong -Wformat -Werror=format-security -Wdate-time -D_FORTIFY_SOURCE=2 conftest.c >&5
configure:6958: $? = 0
configure:6962: /usr/bin/nm -B conftest.o | sed -n -e 's/^.*[	 ]\([ABCDGIRSTW][ABCDGIRSTW]*\)[	 ][	 ]*\([_A-Za-z][_A-Za-z0-9]*\)$/\1 \2 \2/p' | sed '/ __gnu_lto/d' > conftest.nm
configure:7028: gcc -o conftest -g -O2 -fdebug-prefix-map=/workdir/network-manager-applet=. -fstack-protector-strong -Wformat -Werror=format-security -Wdate-time -D_FORTIFY_SOURCE=2 -Wl,-Bsymbolic-functions -Wl,-z,relro -Wl,-z,defs -Wl,--as-needed conftest.c conftstm.o >&5
configure:7031: $? = 0
configure:7069: result: ok
configure:7116: checking for sysroot
configure:7146: result: no
configure:7153: checking for a working dd
configure:7191: result: /usr/bin/dd
configure:7195: checking how to truncate binary pipes
configure:7210: result: /usr/bin/dd bs=4096 count=1
configure:7346: gcc -c -g -O2 -fdebug-prefix-map=/workdir/network-manager-applet=. -fstack-protector-strong -Wformat -Werror=format-security -Wdate-time -D_FORTIFY_SOURCE=2 conftest.c >&5
configure:7349: $? = 0
configure:7539: checking for mt
configure:7569: result: no
configure:7589: checking if : is a manifest tool
configure:7595: : '-?'
configure:7603: result: no
configure:8277: checking for dlfcn.h
configure:8277: gcc -c -g -O2 -fdebug-prefix-map=/workdir/network-manager-applet=. -fstack-protector-strong -Wformat -Werror=format-security -Wdate-time -D_FORTIFY_SOURCE=2 conftest.c >&5
configure:8277: $? = 0
configure:8277: result: yes
configure:8533: checking for objdir
configure:8548: result: .libs
configure:8812: checking if gcc supports -fno-rtti -fno-exceptions
configure:8830: gcc -c -g -O2 -fdebug-prefix-map=/workdir/network-manager-applet=. -fstack-protector-strong -Wformat -Werror=format-security -Wdate-time -D_FORTIFY_SOURCE=2 -fno-rtti -fno-exceptions conftest.c >&5
cc1: warning: command line option '-fno-rtti' is valid for C++/ObjC++ but not for C
configure:8834: $? = 0
configure:8847: result: no
configure:9211: checking for gcc option to produce PIC
configure:9218: result: -fPIC -DPIC
configure:9226: checking if gcc PIC flag -fPIC -DPIC works
configure:9244: gcc -c -g -O2 -fdebug-prefix-map=/workdir/network-manager-applet=. -fstack-protector-strong -Wformat -Werror=format-security -Wdate-time -D_FORTIFY_SOURCE=2 -fPIC -DPIC -DPIC conftest.c >&5
configure:9248: $? = 0
configure:9261: result: yes
configure:9290: checking if gcc static flag -static works
configure:9318: result: yes
configure:9333: checking if gcc supports -c -o file.o
configure:9354: gcc -c -g -O2 -fdebug-prefix-map=/workdir/network-manager-applet=. -fstack-protector-strong -Wformat -Werror=format-security -Wdate-time -D_FORTIFY_SOURCE=2 -o out/conftest2.o conftest.c >&5
configure:9358: $? = 0
configure:9380: result: yes
configure:9388: checking if gcc supports -c -o file.o
configure:9435: result: yes
configure:9468: checking whether the gcc linker (/usr/bin/ld -m elf_x86_64) supports shared libraries
configure:10731: result: yes
configure:10768: checking whether -lc should be explicitly linked in
configure:10776: gcc -c -g -O2 -fdebug-prefix-map=/workdir/network-manager-applet=. -fstack-protector-strong -Wformat -Werror=format-security -Wdate-time -D_FORTIFY_SOURCE=2 conftest.c >&5
configure:10779: $? = 0
configure:10794: gcc -shared  -fPIC -DPIC conftest.o  -v -Wl,-soname -Wl,conftest -o conftest 2\>\&1 \| /usr/bin/grep  -lc  \>/dev/null 2\>\&1
configure:10797: $? = 0
configure:10811: result: no
configure:10971: checking dynamic linker characteristics
configure:11552: gcc -o conftest -g -O2 -fdebug-prefix-map=/workdir/network-manager-applet=. -fstack-protector-strong -Wformat -Werror=format-security -Wdate-time -D_FORTIFY_SOURCE=2 -Wl,-Bsymbolic-functions -Wl,-z,relro -Wl,-z,defs -Wl,--as-needed -Wl,-rpath -Wl,/foo conftest.c  >&5
configure:11552: $? = 0
configure:11801: result: GNU/Linux ld.so
configure:11923: checking how to hardcode library paths into programs
configure:11948: result: immediate
configure:12496: checking whether stripping libraries is possible
configure:12501: result: yes
configure:12536: checking if libtool supports shared libraries
configure:12538: result: yes
configure:12541: checking whether to build shared libraries
configure:12566: result: yes
configure:12569: checking whether to build static libraries
configure:12573: result: no
configure:9399: checking for pid_t
configure:9399: gcc -c -g -O2 -fdebug-prefix-map=/workdir/network-manager-applet=. -fstack-protector-strong -Wformat -Werror=format-security -Wdate-time -D_FORTIFY_SOURCE=2 conftest.c >&5
configure:9399: $? = 0
configure:9399: gcc -c -g -O2 -fdebug-prefix-map=/workdir/network-manager-applet=. -fstack-protector-strong -Wformat -Werror=format-security -Wdate-time -D_FORTIFY_SOURCE=2 conftest.c >&5
conftest.c: In function 'main':
conftest.c:65:20: error: expected expression before ')' token
 if (sizeof ((pid_t)))
                    ^
configure:9399: $? = 1
configure: failed program was:
| /* confdefs.h */
| #define PACKAGE_NAME "nm-applet"
| #define PACKAGE_TARNAME "network-manager-applet"
| #define PACKAGE_VERSION "1.8.20"
| #define PACKAGE_STRING "nm-applet 1.8.20"
| #define PACKAGE_BUGREPORT "https://gitlab.gnome.org/GNOME/network-manager-applet/issues"
| #define PACKAGE_URL ""
| #define PACKAGE "network-manager-applet"
| #define VERSION "1.8.20"
| #define STDC_HEADERS 1
| #define HAVE_SYS_TYPES_H 1
| #define HAVE_SYS_STAT_H 1
| #define HAVE_STDLIB_H 1
| #define HAVE_STRING_H 1
| #define HAVE_MEMORY_H 1
| #define HAVE_STRINGS_H 1
| #define HAVE_INTTYPES_H 1
| #define HAVE_STDINT_H 1
| #define HAVE_UNISTD_H 1
| #define __EXTENSIONS__ 1
| #define _ALL_SOURCE 1
| #define _GNU_SOURCE 1
| #define _POSIX_PTHREAD_SEMANTICS 1
| #define _TANDEM_SOURCE 1
| #define HAVE_DLFCN_H 1
| #define LT_OBJDIR ".libs/"
| #define NMA_GIT_SHA ""
| /* end confdefs.h.  */
| #include <stdio.h>
| #ifdef HAVE_SYS_TYPES_H
| # include <sys/types.h>
| #endif
| #ifdef HAVE_SYS_STAT_H
| # include <sys/stat.h>
| #endif
| #ifdef STDC_HEADERS
| # include <stdlib.h>
| # include <stddef.h>
| #else
| # ifdef HAVE_STDLIB_H
| #  include <stdlib.h>
| # endif
| #endif
| #ifdef HAVE_STRING_H
| # if !defined STDC_HEADERS && defined HAVE_MEMORY_H
| #  include <memory.h>
| # endif
| # include <string.h>
| #endif
| #ifdef HAVE_STRINGS_H
| # include <strings.h>
| #endif
| #ifdef HAVE_INTTYPES_H
| # include <inttypes.h>
| #endif
| #ifdef HAVE_STDINT_H
| # include <stdint.h>
| #endif
| #ifdef HAVE_UNISTD_H
| # include <unistd.h>
| #endif
| int
| main ()
| {
| if (sizeof ((pid_t)))
| 	    return 0;
|   ;
|   return 0;
| }
configure:9399: result: yes
configure:9412: checking whether NLS is requested
configure:9421: result: yes
configure:9439: checking for intltool >= 0.50.1
configure:9441: result: 0.51.0 found
configure:9449: checking for intltool-update
configure:9467: found /usr/bin/intltool-update
configure:9479: result: /usr/bin/intltool-update
configure:9489: checking for intltool-merge
configure:9507: found /usr/bin/intltool-merge
configure:9519: result: /usr/bin/intltool-merge
configure:9529: checking for intltool-extract
configure:9547: found /usr/bin/intltool-extract
configure:9559: result: /usr/bin/intltool-extract
configure:9713: checking for xgettext
configure:9731: found /usr/bin/xgettext
configure:9743: result: /usr/bin/xgettext
configure:9753: checking for msgmerge
configure:9771: found /usr/bin/msgmerge
configure:9783: result: /usr/bin/msgmerge
configure:9793: checking for msgfmt
configure:9811: found /usr/bin/msgfmt
configure:9823: result: /usr/bin/msgfmt
configure:9833: checking for gmsgfmt
configure:9864: result: /usr/bin/msgfmt
configure:9884: checking for perl
configure:9902: found /usr/bin/perl
configure:9914: result: /usr/bin/perl
configure:9925: checking for perl >= 5.8.1
configure:9932: result: 5.28.1
configure:9936: checking for XML::Parser
configure:9939: result: ok
configure:9963: checking locale.h usability
configure:9963: gcc -c -g -O2 -fdebug-prefix-map=/workdir/network-manager-applet=. -fstack-protector-strong -Wformat -Werror=format-security -Wdate-time -D_FORTIFY_SOURCE=2 conftest.c >&5
configure:9963: $? = 0
configure:9963: result: yes
configure:9963: checking locale.h presence
configure:9963: gcc -E -Wdate-time -D_FORTIFY_SOURCE=2 conftest.c
configure:9963: $? = 0
configure:9963: result: yes
configure:9963: checking for locale.h
configure:9963: result: yes
configure:9974: checking for LC_MESSAGES
configure:9990: gcc -o conftest -g -O2 -fdebug-prefix-map=/workdir/network-manager-applet=. -fstack-protector-strong -Wformat -Werror=format-security -Wdate-time -D_FORTIFY_SOURCE=2 -Wl,-Bsymbolic-functions -Wl,-z,relro -Wl,-z,defs -Wl,--as-needed conftest.c  >&5
configure:9990: $? = 0
configure:9998: result: yes
configure:10016: checking for CFPreferencesCopyAppValue
configure:10034: gcc -o conftest -g -O2 -fdebug-prefix-map=/workdir/network-manager-applet=. -fstack-protector-strong -Wformat -Werror=format-security -Wdate-time -D_FORTIFY_SOURCE=2 -Wl,-Bsymbolic-functions -Wl,-z,relro -Wl,-z,defs -Wl,--as-needed conftest.c  -Wl,-framework -Wl,CoreFoundation >&5
conftest.c:32:10: fatal error: CoreFoundation/CFPreferences.h: No such file or directory
 #include <CoreFoundation/CFPreferences.h>
          ^~~~~~~~~~~~~~~~~~~~~~~~~~~~~~~~
compilation terminated.
configure:10034: $? = 1
configure: failed program was:
| /* confdefs.h */
| #define PACKAGE_NAME "nm-applet"
| #define PACKAGE_TARNAME "network-manager-applet"
| #define PACKAGE_VERSION "1.8.20"
| #define PACKAGE_STRING "nm-applet 1.8.20"
| #define PACKAGE_BUGREPORT "https://gitlab.gnome.org/GNOME/network-manager-applet/issues"
| #define PACKAGE_URL ""
| #define PACKAGE "network-manager-applet"
| #define VERSION "1.8.20"
| #define STDC_HEADERS 1
| #define HAVE_SYS_TYPES_H 1
| #define HAVE_SYS_STAT_H 1
| #define HAVE_STDLIB_H 1
| #define HAVE_STRING_H 1
| #define HAVE_MEMORY_H 1
| #define HAVE_STRINGS_H 1
| #define HAVE_INTTYPES_H 1
| #define HAVE_STDINT_H 1
| #define HAVE_UNISTD_H 1
| #define __EXTENSIONS__ 1
| #define _ALL_SOURCE 1
| #define _GNU_SOURCE 1
| #define _POSIX_PTHREAD_SEMANTICS 1
| #define _TANDEM_SOURCE 1
| #define HAVE_DLFCN_H 1
| #define LT_OBJDIR ".libs/"
| #define NMA_GIT_SHA ""
| #define GETTEXT_PACKAGE "nm-applet"
| #define HAVE_LOCALE_H 1
| #define HAVE_LC_MESSAGES 1
| /* end confdefs.h.  */
| #include <CoreFoundation/CFPreferences.h>
| int
| main ()
| {
| CFPreferencesCopyAppValue(NULL, NULL)
|   ;
|   return 0;
| }
configure:10043: result: no
configure:10050: checking for CFLocaleCopyCurrent
configure:10068: gcc -o conftest -g -O2 -fdebug-prefix-map=/workdir/network-manager-applet=. -fstack-protector-strong -Wformat -Werror=format-security -Wdate-time -D_FORTIFY_SOURCE=2 -Wl,-Bsymbolic-functions -Wl,-z,relro -Wl,-z,defs -Wl,--as-needed conftest.c  -Wl,-framework -Wl,CoreFoundation >&5
conftest.c:32:10: fatal error: CoreFoundation/CFLocale.h: No such file or directory
 #include <CoreFoundation/CFLocale.h>
          ^~~~~~~~~~~~~~~~~~~~~~~~~~~
compilation terminated.
configure:10068: $? = 1
configure: failed program was:
| /* confdefs.h */
| #define PACKAGE_NAME "nm-applet"
| #define PACKAGE_TARNAME "network-manager-applet"
| #define PACKAGE_VERSION "1.8.20"
| #define PACKAGE_STRING "nm-applet 1.8.20"
| #define PACKAGE_BUGREPORT "https://gitlab.gnome.org/GNOME/network-manager-applet/issues"
| #define PACKAGE_URL ""
| #define PACKAGE "network-manager-applet"
| #define VERSION "1.8.20"
| #define STDC_HEADERS 1
| #define HAVE_SYS_TYPES_H 1
| #define HAVE_SYS_STAT_H 1
| #define HAVE_STDLIB_H 1
| #define HAVE_STRING_H 1
| #define HAVE_MEMORY_H 1
| #define HAVE_STRINGS_H 1
| #define HAVE_INTTYPES_H 1
| #define HAVE_STDINT_H 1
| #define HAVE_UNISTD_H 1
| #define __EXTENSIONS__ 1
| #define _ALL_SOURCE 1
| #define _GNU_SOURCE 1
| #define _POSIX_PTHREAD_SEMANTICS 1
| #define _TANDEM_SOURCE 1
| #define HAVE_DLFCN_H 1
| #define LT_OBJDIR ".libs/"
| #define NMA_GIT_SHA ""
| #define GETTEXT_PACKAGE "nm-applet"
| #define HAVE_LOCALE_H 1
| #define HAVE_LC_MESSAGES 1
| /* end confdefs.h.  */
| #include <CoreFoundation/CFLocale.h>
| int
| main ()
| {
| CFLocaleCopyCurrent();
|   ;
|   return 0;
| }
configure:10077: result: no
configure:10091: checking libintl.h usability
configure:10091: gcc -c -g -O2 -fdebug-prefix-map=/workdir/network-manager-applet=. -fstack-protector-strong -Wformat -Werror=format-security -Wdate-time -D_FORTIFY_SOURCE=2 conftest.c >&5
configure:10091: $? = 0
configure:10091: result: yes
configure:10091: checking libintl.h presence
configure:10091: gcc -E -Wdate-time -D_FORTIFY_SOURCE=2 conftest.c
configure:10091: $? = 0
configure:10091: result: yes
configure:10091: checking for libintl.h
configure:10091: result: yes
configure:10099: checking for ngettext in libc
configure:10117: gcc -o conftest -g -O2 -fdebug-prefix-map=/workdir/network-manager-applet=. -fstack-protector-strong -Wformat -Werror=format-security -Wdate-time -D_FORTIFY_SOURCE=2 -Wl,-Bsymbolic-functions -Wl,-z,relro -Wl,-z,defs -Wl,--as-needed conftest.c  >&5
configure:10117: $? = 0
configure:10126: result: yes
configure:10130: checking for dgettext in libc
configure:10148: gcc -o conftest -g -O2 -fdebug-prefix-map=/workdir/network-manager-applet=. -fstack-protector-strong -Wformat -Werror=format-security -Wdate-time -D_FORTIFY_SOURCE=2 -Wl,-Bsymbolic-functions -Wl,-z,relro -Wl,-z,defs -Wl,--as-needed conftest.c  >&5
configure:10148: $? = 0
configure:10157: result: yes
configure:10164: checking for bind_textdomain_codeset
configure:10164: gcc -o conftest -g -O2 -fdebug-prefix-map=/workdir/network-manager-applet=. -fstack-protector-strong -Wformat -Werror=format-security -Wdate-time -D_FORTIFY_SOURCE=2 -Wl,-Bsymbolic-functions -Wl,-z,relro -Wl,-z,defs -Wl,--as-needed conftest.c  >&5
configure:10164: $? = 0
configure:10164: result: yes
configure:10440: checking for msgfmt
configure:10467: result: /usr/bin/msgfmt
configure:10478: checking for dcgettext
configure:10478: gcc -o conftest -g -O2 -fdebug-prefix-map=/workdir/network-manager-applet=. -fstack-protector-strong -Wformat -Werror=format-security -Wdate-time -D_FORTIFY_SOURCE=2 -Wl,-Bsymbolic-functions -Wl,-z,relro -Wl,-z,defs -Wl,--as-needed conftest.c   >&5
conftest.c:57:6: warning: conflicting types for built-in function 'dcgettext' [-Wbuiltin-declaration-mismatch]
 char dcgettext ();
      ^~~~~~~~~
configure:10478: $? = 0
configure:10478: result: yes
configure:10488: checking if msgfmt accepts -c
configure:10503: $MSGFMT -c -o /dev/null conftest.foo
conftest.foo:3: warning: header field 'Language' missing in header
configure:10506: $? = 0
configure:10508: result: yes
configure:10518: checking for gmsgfmt
configure:10549: result: /usr/bin/msgfmt
configure:10559: checking for xgettext
configure:10586: result: /usr/bin/xgettext
configure:10605: gcc -o conftest -g -O2 -fdebug-prefix-map=/workdir/network-manager-applet=. -fstack-protector-strong -Wformat -Werror=format-security -Wdate-time -D_FORTIFY_SOURCE=2 -Wl,-Bsymbolic-functions -Wl,-z,relro -Wl,-z,defs -Wl,--as-needed conftest.c   >&5
configure:10605: $? = 0
configure:10746: checking whether to disable iso-codes at build-time
configure:10756: result: no
configure:10764: checking whether iso-codes has iso_3166 domain
configure:10767: result: yes
configure:10780: checking for ISO_CODES
configure:10787: $PKG_CONFIG --exists --print-errors "iso-codes"
configure:10790: $? = 0
configure:10804: $PKG_CONFIG --exists --print-errors "iso-codes"
configure:10807: $? = 0
configure:10851: result: yes
configure:10864: checking whether to disable mobile-broadband-provider-info at build-time
configure:10874: result: no
configure:10889: checking for MOBILE_BROADBAND_PROVIDER_INFO
configure:10896: $PKG_CONFIG --exists --print-errors "mobile-broadband-provider-info"
configure:10899: $? = 0
configure:10913: $PKG_CONFIG --exists --print-errors "mobile-broadband-provider-info"
configure:10916: $? = 0
configure:10960: result: yes
configure:10976: checking for gtk-doc
configure:10979: $PKG_CONFIG --exists --print-errors "$gtk_doc_requires"
configure:10982: $? = 0
configure:10988: result: yes
configure:11002: checking for gtkdoc-check
configure:11018: found /usr/bin/gtkdoc-check
configure:11029: result: gtkdoc-check.test
configure:11039: checking for gtkdoc-check
configure:11057: found /usr/bin/gtkdoc-check
configure:11069: result: /usr/bin/gtkdoc-check
configure:11081: checking for gtkdoc-rebase
configure:11099: found /usr/bin/gtkdoc-rebase
configure:11111: result: /usr/bin/gtkdoc-rebase
configure:11125: checking for gtkdoc-mkpdf
configure:11143: found /usr/bin/gtkdoc-mkpdf
configure:11155: result: /usr/bin/gtkdoc-mkpdf
configure:11183: checking whether to build gtk-doc documentation
configure:11185: result: yes
configure:11198: checking for GTKDOC_DEPS
configure:11205: $PKG_CONFIG --exists --print-errors "glib-2.0 >= 2.10.0 gobject-2.0  >= 2.10.0"
configure:11208: $? = 0
configure:11222: $PKG_CONFIG --exists --print-errors "glib-2.0 >= 2.10.0 gobject-2.0  >= 2.10.0"
configure:11225: $? = 0
configure:11263: result: yes
configure:11352: checking for LIBNM_GLIB
configure:11364: $PKG_CONFIG --exists --print-errors "gio-2.0 >= 2.38
			 NetworkManager >= 1.7
			 libnm-glib >= 1.7
			 libnm-util >= 1.7
			 libnm-glib-vpn >= 1.7
			 gmodule-export-2.0"
configure:11372: $? = 0
configure:11396: $PKG_CONFIG --exists --print-errors "gio-2.0 >= 2.38
			 NetworkManager >= 1.7
			 libnm-glib >= 1.7
			 libnm-util >= 1.7
			 libnm-glib-vpn >= 1.7
			 gmodule-export-2.0"
configure:11404: $? = 0
configure:11467: result: yes
configure:11489: checking for LIBNM
configure:11496: $PKG_CONFIG --exists --print-errors "libnm >= 1.7 gio-2.0 >= 2.38 gmodule-export-2.0"
configure:11499: $? = 0
configure:11513: $PKG_CONFIG --exists --print-errors "libnm >= 1.7 gio-2.0 >= 2.38 gmodule-export-2.0"
configure:11516: $? = 0
configure:11574: result: yes
configure:11585: checking for LIBSECRET
configure:11592: $PKG_CONFIG --exists --print-errors "libsecret-1 >= 0.18"
configure:11595: $? = 0
configure:11609: $PKG_CONFIG --exists --print-errors "libsecret-1 >= 0.18"
configure:11612: $? = 0
configure:11670: result: yes
configure:11678: checking for LIBNOTIFY_07
configure:11685: $PKG_CONFIG --exists --print-errors "libnotify >= 0.7"
configure:11688: $? = 0
configure:11702: $PKG_CONFIG --exists --print-errors "libnotify >= 0.7"
configure:11705: $? = 0
configure:11743: result: yes
configure:11754: checking for NOTIFY
configure:11761: $PKG_CONFIG --exists --print-errors "libnotify >= 0.4.3"
configure:11764: $? = 0
configure:11778: $PKG_CONFIG --exists --print-errors "libnotify >= 0.4.3"
configure:11781: $? = 0
configure:11839: result: yes
configure:11846: checking for GTK3
configure:11853: $PKG_CONFIG --exists --print-errors "gtk+-3.0 >= 3.10"
configure:11856: $? = 0
configure:11870: $PKG_CONFIG --exists --print-errors "gtk+-3.0 >= 3.10"
configure:11873: $? = 0
configure:11931: result: yes
configure:12189: checking for APPINDICATOR
configure:12196: $PKG_CONFIG --exists --print-errors "appindicator3-0.1"
configure:12199: $? = 0
configure:12213: $PKG_CONFIG --exists --print-errors "appindicator3-0.1"
configure:12216: $? = 0
configure:12274: result: yes
configure:12383: checking for DBUSMENU
configure:12390: $PKG_CONFIG --exists --print-errors "dbusmenu-gtk3-0.4 >= 16.04.0"
configure:12393: $? = 0
configure:12407: $PKG_CONFIG --exists --print-errors "dbusmenu-gtk3-0.4 >= 16.04.0"
configure:12410: $? = 0
configure:12468: result: yes
configure:12503: checking for MM_GLIB
configure:12510: $PKG_CONFIG --exists --print-errors "mm-glib"
configure:12513: $? = 0
configure:12527: $PKG_CONFIG --exists --print-errors "mm-glib"
configure:12530: $? = 0
configure:12568: result: yes
configure:12587: checking for GUDEV
configure:12594: $PKG_CONFIG --exists --print-errors "gudev-1.0 >= 147"
configure:12597: $? = 0
configure:12611: $PKG_CONFIG --exists --print-errors "gudev-1.0 >= 147"
configure:12614: $? = 0
configure:12672: result: yes
configure:12690: checking for SELINUX
configure:12697: $PKG_CONFIG --exists --print-errors "libselinux"
configure:12700: $? = 0
configure:12714: $PKG_CONFIG --exists --print-errors "libselinux"
configure:12717: $? = 0
configure:12755: result: yes
configure:12785: checking for JANSSON
configure:12792: $PKG_CONFIG --exists --print-errors "jansson >= 2.7"
configure:12795: $? = 0
configure:12809: $PKG_CONFIG --exists --print-errors "jansson >= 2.7"
configure:12812: $? = 0
configure:12850: result: yes
configure:12878: checking for GCR
configure:12885: $PKG_CONFIG --exists --print-errors "gcr-3 >= 3.14, gck-1 >= 3.14"
configure:12888: $? = 0
configure:12902: $PKG_CONFIG --exists --print-errors "gcr-3 >= 3.14, gck-1 >= 3.14"
configure:12905: $? = 0
configure:12943: result: yes
configure:12948: checking for GCR usefulness
configure:12994: gcc -c -g -O2 -fdebug-prefix-map=/workdir/network-manager-applet=. -fstack-protector-strong -Wformat -Werror=format-security -pthread -I/usr/include/gcr-3 -I/usr/include/gtk-3.0 -I/usr/include/at-spi2-atk/2.0 -I/usr/include/at-spi-2.0 -I/usr/include/dbus-1.0 -I/usr/lib/x86_64-linux-gnu/dbus-1.0/include -I/usr/include/gtk-3.0 -I/usr/include/gio-unix-2.0 -I/usr/include/cairo -I/usr/include/libdrm -I/usr/include/pango-1.0 -I/usr/include/harfbuzz -I/usr/include/pango-1.0 -I/usr/include/fribidi -I/usr/include/atk-1.0 -I/usr/include/cairo -I/usr/include/pixman-1 -I/usr/include/freetype2 -I/usr/include/libpng16 -I/usr/include/gdk-pixbuf-2.0 -I/usr/include/gcr-3 -I/usr/include/gck-1 -I/usr/include/libmount -I/usr/include/blkid -I/usr/include/uuid -I/usr/include/glib-2.0 -I/usr/lib/x86_64-linux-gnu/glib-2.0/include -I/usr/include/p11-kit-1 -DGCR_API_SUBJECT_TO_CHANGE -DGCK_API_SUBJECT_TO_CHANGE -Wdate-time -D_FORTIFY_SOURCE=2 conftest.c >&5
configure:12994: $? = 0
configure:13000: result: yes
configure:13048: $PKG_CONFIG --exists --print-errors "gobject-introspection-1.0 >= 0.9.6"
configure:13051: $? = 0
configure:13063: checking if /usr/bin/g-ir-scanner works
g-ir-scanner: link: cc -o /workdir/network-manager-applet/tmp-introspect67q9ir8n/test-None -Wdate-time -D_FORTIFY_SOURCE=2 -g -O2 -fdebug-prefix-map=/workdir/network-manager-applet=. -fstack-protector-strong -Wformat -Werror=format-security -Wno-error /workdir/network-manager-applet/tmp-introspect67q9ir8n/test-None.o -L. -Wl,-rpath,. -Wl,--no-as-needed -lc -lgio-2.0 -lgobject-2.0 -Wl,--export-dynamic -lgmodule-2.0 -pthread -lglib-2.0 -Wl,-Bsymbolic-functions -Wl,-z,relro -Wl,-z,defs -Wl,--as-needed
g-ir-scanner: test: warning: 1 warnings suppressed (use --warn-all to see them)
configure:13070: result: yes
configure:13115: checking for GLIB
configure:13122: $PKG_CONFIG --exists --print-errors "$pkg_config_args"
configure:13125: $? = 0
configure:13139: $PKG_CONFIG --exists --print-errors "$pkg_config_args"
configure:13142: $? = 0
configure:13200: result: yes
configure:13285: checking for pkg-config
configure:13315: result: /usr/bin/pkg-config
configure:13340: checking pkg-config is at least version 0.16
configure:13343: result: yes
configure:13359: $PKG_CONFIG --exists --print-errors "gio-2.0"
configure:13362: $? = 0
configure:13542: checking for pkg-config
configure:13572: result: /usr/bin/pkg-config
configure:13597: checking pkg-config is at least version 0.16
configure:13600: result: yes
configure:13732: checking for glib-compile-resources
configure:13750: found /usr/bin/glib-compile-resources
configure:13762: result: /usr/bin/glib-compile-resources
configure:13778: checking for more warnings
configure:14252: result: no
configure:14306: checking if gcc supports flag -fdata-sections -ffunction-sections -Wl,--gc-sections in envvar CFLAGS
configure:14317: gcc -o conftest -g -O2 -fdebug-prefix-map=/workdir/network-manager-applet=. -fstack-protector-strong -Wformat -Werror=format-security -Werror -fdata-sections -ffunction-sections -Wl,--gc-sections -Wdate-time -D_FORTIFY_SOURCE=2 -Wl,-Bsymbolic-functions -Wl,-z,relro -Wl,-z,defs -Wl,--as-needed conftest.c  >&5
configure:14317: $? = 0
configure:14326: result: yes
configure:14471: checking that generated files are newer than configure
configure:14477: result: done
configure:14560: creating ./config.status

## ---------------------- ##
## Running config.status. ##
## ---------------------- ##

This file was extended by nm-applet config.status 1.8.20, which was
generated by GNU Autoconf 2.69.  Invocation command line was

  CONFIG_FILES    = 
  CONFIG_HEADERS  = 
  CONFIG_LINKS    = 
  CONFIG_COMMANDS = 
  $ ./config.status 

on 5444dc2dee5f

config.status:1346: creating Makefile
config.status:1346: creating src/libnm-gtk/libnm-gtk.pc
config.status:1346: creating src/libnma/libnma.pc
config.status:1346: creating po/Makefile.in
config.status:1346: creating man/nm-applet.1
config.status:1346: creating man/nm-connection-editor.1
config.status:1346: creating org.gnome.nm-applet.gschema.xml
config.status:1346: creating src/libnma/nma-version.h
config.status:1346: creating config.h
config.status:1575: executing depfiles commands
config.status:1575: executing libtool commands
config.status:1575: executing default-1 commands
config.status:1575: executing po/stamp-it commands

## ---------------- ##
## Cache variables. ##
## ---------------- ##

ac_cv_build=x86_64-pc-linux-gnu
ac_cv_c_compiler_gnu=yes
ac_cv_env_APPINDICATOR_CFLAGS_set=
ac_cv_env_APPINDICATOR_CFLAGS_value=
ac_cv_env_APPINDICATOR_LIBS_set=
ac_cv_env_APPINDICATOR_LIBS_value=
ac_cv_env_CC_set=
ac_cv_env_CC_value=
ac_cv_env_CFLAGS_set=set
ac_cv_env_CFLAGS_value='-g -O2 -fdebug-prefix-map=/workdir/network-manager-applet=. -fstack-protector-strong -Wformat -Werror=format-security'
ac_cv_env_CPPFLAGS_set=set
ac_cv_env_CPPFLAGS_value='-Wdate-time -D_FORTIFY_SOURCE=2'
ac_cv_env_CPP_set=
ac_cv_env_CPP_value=
ac_cv_env_DBUSMENU_CFLAGS_set=
ac_cv_env_DBUSMENU_CFLAGS_value=
ac_cv_env_DBUSMENU_LIBS_set=
ac_cv_env_DBUSMENU_LIBS_value=
ac_cv_env_GCR_CFLAGS_set=
ac_cv_env_GCR_CFLAGS_value=
ac_cv_env_GCR_LIBS_set=
ac_cv_env_GCR_LIBS_value=
ac_cv_env_GLIB_CFLAGS_set=
ac_cv_env_GLIB_CFLAGS_value=
ac_cv_env_GLIB_COMPILE_SCHEMAS_set=
ac_cv_env_GLIB_COMPILE_SCHEMAS_value=
ac_cv_env_GLIB_LIBS_set=
ac_cv_env_GLIB_LIBS_value=
ac_cv_env_GTK3_CFLAGS_set=
ac_cv_env_GTK3_CFLAGS_value=
ac_cv_env_GTK3_LIBS_set=
ac_cv_env_GTK3_LIBS_value=
ac_cv_env_GTKDOC_DEPS_CFLAGS_set=
ac_cv_env_GTKDOC_DEPS_CFLAGS_value=
ac_cv_env_GTKDOC_DEPS_LIBS_set=
ac_cv_env_GTKDOC_DEPS_LIBS_value=
ac_cv_env_GUDEV_CFLAGS_set=
ac_cv_env_GUDEV_CFLAGS_value=
ac_cv_env_GUDEV_LIBS_set=
ac_cv_env_GUDEV_LIBS_value=
ac_cv_env_ISO_CODES_CFLAGS_set=
ac_cv_env_ISO_CODES_CFLAGS_value=
ac_cv_env_ISO_CODES_LIBS_set=
ac_cv_env_ISO_CODES_LIBS_value=
ac_cv_env_JANSSON_CFLAGS_set=
ac_cv_env_JANSSON_CFLAGS_value=
ac_cv_env_JANSSON_LIBS_set=
ac_cv_env_JANSSON_LIBS_value=
ac_cv_env_LDFLAGS_set=set
ac_cv_env_LDFLAGS_value='-Wl,-Bsymbolic-functions -Wl,-z,relro -Wl,-z,defs -Wl,--as-needed'
ac_cv_env_LIBNM_CFLAGS_set=
ac_cv_env_LIBNM_CFLAGS_value=
ac_cv_env_LIBNM_GLIB_CFLAGS_set=
ac_cv_env_LIBNM_GLIB_CFLAGS_value=
ac_cv_env_LIBNM_GLIB_LIBS_set=
ac_cv_env_LIBNM_GLIB_LIBS_value=
ac_cv_env_LIBNM_LIBS_set=
ac_cv_env_LIBNM_LIBS_value=
ac_cv_env_LIBNOTIFY_07_CFLAGS_set=
ac_cv_env_LIBNOTIFY_07_CFLAGS_value=
ac_cv_env_LIBNOTIFY_07_LIBS_set=
ac_cv_env_LIBNOTIFY_07_LIBS_value=
ac_cv_env_LIBSECRET_CFLAGS_set=
ac_cv_env_LIBSECRET_CFLAGS_value=
ac_cv_env_LIBSECRET_LIBS_set=
ac_cv_env_LIBSECRET_LIBS_value=
ac_cv_env_LIBS_set=
ac_cv_env_LIBS_value=
ac_cv_env_LT_SYS_LIBRARY_PATH_set=
ac_cv_env_LT_SYS_LIBRARY_PATH_value=
ac_cv_env_MM_GLIB_CFLAGS_set=
ac_cv_env_MM_GLIB_CFLAGS_value=
ac_cv_env_MM_GLIB_LIBS_set=
ac_cv_env_MM_GLIB_LIBS_value=
ac_cv_env_MOBILE_BROADBAND_PROVIDER_INFO_CFLAGS_set=
ac_cv_env_MOBILE_BROADBAND_PROVIDER_INFO_CFLAGS_value=
ac_cv_env_MOBILE_BROADBAND_PROVIDER_INFO_LIBS_set=
ac_cv_env_MOBILE_BROADBAND_PROVIDER_INFO_LIBS_value=
ac_cv_env_NOTIFY_CFLAGS_set=
ac_cv_env_NOTIFY_CFLAGS_value=
ac_cv_env_NOTIFY_LIBS_set=
ac_cv_env_NOTIFY_LIBS_value=
ac_cv_env_PKG_CONFIG_LIBDIR_set=
ac_cv_env_PKG_CONFIG_LIBDIR_value=
ac_cv_env_PKG_CONFIG_PATH_set=
ac_cv_env_PKG_CONFIG_PATH_value=
ac_cv_env_PKG_CONFIG_set=
ac_cv_env_PKG_CONFIG_value=
ac_cv_env_SELINUX_CFLAGS_set=
ac_cv_env_SELINUX_CFLAGS_value=
ac_cv_env_SELINUX_LIBS_set=
ac_cv_env_SELINUX_LIBS_value=
ac_cv_env_build_alias_set=set
ac_cv_env_build_alias_value=x86_64-linux-gnu
ac_cv_env_host_alias_set=
ac_cv_env_host_alias_value=
ac_cv_env_target_alias_set=
ac_cv_env_target_alias_value=
ac_cv_func_bind_textdomain_codeset=yes
ac_cv_func_dcgettext=yes
ac_cv_header_dlfcn_h=yes
ac_cv_header_inttypes_h=yes
ac_cv_header_libintl_h=yes
ac_cv_header_locale_h=yes
ac_cv_header_memory_h=yes
ac_cv_header_minix_config_h=no
ac_cv_header_stdc=yes
ac_cv_header_stdint_h=yes
ac_cv_header_stdlib_h=yes
ac_cv_header_string_h=yes
ac_cv_header_strings_h=yes
ac_cv_header_sys_stat_h=yes
ac_cv_header_sys_types_h=yes
ac_cv_header_unistd_h=yes
ac_cv_host=x86_64-pc-linux-gnu
ac_cv_objext=o
ac_cv_path_EGREP='/usr/bin/grep -E'
ac_cv_path_FGREP='/usr/bin/grep -F'
ac_cv_path_GLIB_COMPILE_RESOURCES=/usr/bin/glib-compile-resources
ac_cv_path_GMSGFMT=/usr/bin/msgfmt
ac_cv_path_GREP=/usr/bin/grep
ac_cv_path_GTKDOC_CHECK_PATH=/usr/bin/gtkdoc-check
ac_cv_path_GTKDOC_MKPDF=/usr/bin/gtkdoc-mkpdf
ac_cv_path_GTKDOC_REBASE=/usr/bin/gtkdoc-rebase
ac_cv_path_INTLTOOL_EXTRACT=/usr/bin/intltool-extract
ac_cv_path_INTLTOOL_MERGE=/usr/bin/intltool-merge
ac_cv_path_INTLTOOL_PERL=/usr/bin/perl
ac_cv_path_INTLTOOL_UPDATE=/usr/bin/intltool-update
ac_cv_path_MSGFMT=/usr/bin/msgfmt
ac_cv_path_MSGMERGE=/usr/bin/msgmerge
ac_cv_path_SED=/usr/bin/sed
ac_cv_path_XGETTEXT=/usr/bin/xgettext
ac_cv_path_ac_pt_PKG_CONFIG=/usr/bin/pkg-config
ac_cv_path_install='/usr/bin/install -c'
ac_cv_path_lt_DD=/usr/bin/dd
ac_cv_path_mkdir=/usr/bin/mkdir
ac_cv_prog_AWK=mawk
ac_cv_prog_CPP='gcc -E'
ac_cv_prog_GTKDOC_CHECK=gtkdoc-check.test
ac_cv_prog_ac_ct_AR=ar
ac_cv_prog_ac_ct_CC=gcc
ac_cv_prog_ac_ct_OBJDUMP=objdump
ac_cv_prog_ac_ct_RANLIB=ranlib
ac_cv_prog_ac_ct_STRIP=strip
ac_cv_prog_cc_c89=
ac_cv_prog_cc_g=yes
ac_cv_prog_has_file=yes
ac_cv_prog_has_find=yes
ac_cv_prog_make_make_set=yes
ac_cv_safe_to_define___extensions__=yes
ac_cv_type_pid_t=yes
am_cv_CC_dependencies_compiler_type=none
am_cv_make_support_nested_variables=yes
am_cv_prog_cc_c_o=yes
am_cv_val_LC_MESSAGES=yes
cc_cv_CFLAGS__fdata_sections__ffunction_sections__Wl___gc_sections=yes
gt_cv_func_CFLocaleCopyCurrent=no
gt_cv_func_CFPreferencesCopyAppValue=no
gt_cv_func_dgettext_libc=yes
gt_cv_func_dgettext_libintl=no
gt_cv_func_ngettext_libc=yes
gt_cv_have_gettext=yes
lt_cv_ar_at_file=@
lt_cv_archive_cmds_need_lc=no
lt_cv_deplibs_check_method=pass_all
lt_cv_file_magic_cmd='$MAGIC_CMD'
lt_cv_file_magic_test_file=
lt_cv_ld_reload_flag=-r
lt_cv_nm_interface='BSD nm'
lt_cv_objdir=.libs
lt_cv_path_LD=/usr/bin/ld
lt_cv_path_NM='/usr/bin/nm -B'
lt_cv_path_mainfest_tool=no
lt_cv_prog_compiler_c_o=yes
lt_cv_prog_compiler_pic='-fPIC -DPIC'
lt_cv_prog_compiler_pic_works=yes
lt_cv_prog_compiler_rtti_exceptions=no
lt_cv_prog_compiler_static_works=yes
lt_cv_prog_gnu_ld=yes
lt_cv_sharedlib_from_linklib_cmd='printf %s\n'
lt_cv_shlibpath_overrides_runpath=yes
lt_cv_sys_global_symbol_pipe='sed -n -e '\''s/^.*[	 ]\([ABCDGIRSTW][ABCDGIRSTW]*\)[	 ][	 ]*\([_A-Za-z][_A-Za-z0-9]*\)$/\1 \2 \2/p'\'' | sed '\''/ __gnu_lto/d'\'''
lt_cv_sys_global_symbol_to_c_name_address='sed -n -e '\''s/^: \(.*\) .*$/  {"\1", (void *) 0},/p'\'' -e '\''s/^[ABCDGIRSTW][ABCDGIRSTW]* .* \(.*\)$/  {"\1", (void *) \&\1},/p'\'''
lt_cv_sys_global_symbol_to_c_name_address_lib_prefix='sed -n -e '\''s/^: \(.*\) .*$/  {"\1", (void *) 0},/p'\'' -e '\''s/^[ABCDGIRSTW][ABCDGIRSTW]* .* \(lib.*\)$/  {"\1", (void *) \&\1},/p'\'' -e '\''s/^[ABCDGIRSTW][ABCDGIRSTW]* .* \(.*\)$/  {"lib\1", (void *) \&\1},/p'\'''
lt_cv_sys_global_symbol_to_cdecl='sed -n -e '\''s/^T .* \(.*\)$/extern int \1();/p'\'' -e '\''s/^[ABCDGIRSTW][ABCDGIRSTW]* .* \(.*\)$/extern char \1;/p'\'''
lt_cv_sys_global_symbol_to_import=
lt_cv_sys_max_cmd_len=1572864
lt_cv_to_host_file_cmd=func_convert_file_noop
lt_cv_to_tool_file_cmd=func_convert_file_noop
lt_cv_truncate_bin='/usr/bin/dd bs=4096 count=1'
pkg_cv_APPINDICATOR_CFLAGS='-pthread -I/usr/include/libappindicator3-0.1 -I/usr/include/libdbusmenu-glib-0.4 -I/usr/include/gtk-3.0 -I/usr/include/at-spi2-atk/2.0 -I/usr/include/at-spi-2.0 -I/usr/include/dbus-1.0 -I/usr/lib/x86_64-linux-gnu/dbus-1.0/include -I/usr/include/gtk-3.0 -I/usr/include/gio-unix-2.0 -I/usr/include/cairo -I/usr/include/libdrm -I/usr/include/pango-1.0 -I/usr/include/harfbuzz -I/usr/include/pango-1.0 -I/usr/include/fribidi -I/usr/include/atk-1.0 -I/usr/include/cairo -I/usr/include/pixman-1 -I/usr/include/freetype2 -I/usr/include/libpng16 -I/usr/include/gdk-pixbuf-2.0 -I/usr/include/libmount -I/usr/include/blkid -I/usr/include/uuid -I/usr/include/glib-2.0 -I/usr/lib/x86_64-linux-gnu/glib-2.0/include'
pkg_cv_APPINDICATOR_LIBS='-lappindicator3 -ldbusmenu-glib -lgtk-3 -lgdk-3 -lpangocairo-1.0 -lpango-1.0 -latk-1.0 -lcairo-gobject -lcairo -lgdk_pixbuf-2.0 -lgio-2.0 -lgobject-2.0 -lglib-2.0'
pkg_cv_DBUSMENU_CFLAGS='-pthread -I/usr/include/libdbusmenu-gtk3-0.4 -I/usr/include/libdbusmenu-glib-0.4 -I/usr/include/gtk-3.0 -I/usr/include/at-spi2-atk/2.0 -I/usr/include/at-spi-2.0 -I/usr/include/dbus-1.0 -I/usr/lib/x86_64-linux-gnu/dbus-1.0/include -I/usr/include/gtk-3.0 -I/usr/include/gio-unix-2.0 -I/usr/include/cairo -I/usr/include/libdrm -I/usr/include/pango-1.0 -I/usr/include/harfbuzz -I/usr/include/pango-1.0 -I/usr/include/fribidi -I/usr/include/atk-1.0 -I/usr/include/cairo -I/usr/include/pixman-1 -I/usr/include/freetype2 -I/usr/include/libpng16 -I/usr/include/gdk-pixbuf-2.0 -I/usr/include/libmount -I/usr/include/blkid -I/usr/include/uuid -I/usr/include/glib-2.0 -I/usr/lib/x86_64-linux-gnu/glib-2.0/include'
pkg_cv_DBUSMENU_LIBS='-ldbusmenu-gtk3 -ldbusmenu-glib -lgtk-3 -lgdk-3 -lpangocairo-1.0 -lpango-1.0 -latk-1.0 -lcairo-gobject -lcairo -lgdk_pixbuf-2.0 -lgio-2.0 -lgobject-2.0 -lglib-2.0'
pkg_cv_GCR_CFLAGS='-pthread -I/usr/include/gcr-3 -I/usr/include/gtk-3.0 -I/usr/include/at-spi2-atk/2.0 -I/usr/include/at-spi-2.0 -I/usr/include/dbus-1.0 -I/usr/lib/x86_64-linux-gnu/dbus-1.0/include -I/usr/include/gtk-3.0 -I/usr/include/gio-unix-2.0 -I/usr/include/cairo -I/usr/include/libdrm -I/usr/include/pango-1.0 -I/usr/include/harfbuzz -I/usr/include/pango-1.0 -I/usr/include/fribidi -I/usr/include/atk-1.0 -I/usr/include/cairo -I/usr/include/pixman-1 -I/usr/include/freetype2 -I/usr/include/libpng16 -I/usr/include/gdk-pixbuf-2.0 -I/usr/include/gcr-3 -I/usr/include/gck-1 -I/usr/include/libmount -I/usr/include/blkid -I/usr/include/uuid -I/usr/include/glib-2.0 -I/usr/lib/x86_64-linux-gnu/glib-2.0/include -I/usr/include/p11-kit-1'
pkg_cv_GCR_LIBS='-lgcr-ui-3 -lgtk-3 -lgdk-3 -lpangocairo-1.0 -lpango-1.0 -latk-1.0 -lcairo-gobject -lcairo -lgdk_pixbuf-2.0 -lgcr-base-3 -lgck-1 -lgio-2.0 -lgobject-2.0 -lglib-2.0 -lp11-kit'
pkg_cv_GLIB_CFLAGS='-I/usr/include/glib-2.0 -I/usr/lib/x86_64-linux-gnu/glib-2.0/include'
pkg_cv_GLIB_COMPILE_SCHEMAS=/usr/lib/x86_64-linux-gnu/glib-2.0/glib-compile-schemas
pkg_cv_GLIB_LIBS=-lglib-2.0
pkg_cv_GTK3_CFLAGS='-pthread -I/usr/include/gtk-3.0 -I/usr/include/at-spi2-atk/2.0 -I/usr/include/at-spi-2.0 -I/usr/include/dbus-1.0 -I/usr/lib/x86_64-linux-gnu/dbus-1.0/include -I/usr/include/gtk-3.0 -I/usr/include/gio-unix-2.0 -I/usr/include/cairo -I/usr/include/libdrm -I/usr/include/pango-1.0 -I/usr/include/harfbuzz -I/usr/include/pango-1.0 -I/usr/include/fribidi -I/usr/include/atk-1.0 -I/usr/include/cairo -I/usr/include/pixman-1 -I/usr/include/freetype2 -I/usr/include/libpng16 -I/usr/include/gdk-pixbuf-2.0 -I/usr/include/libmount -I/usr/include/blkid -I/usr/include/uuid -I/usr/include/glib-2.0 -I/usr/lib/x86_64-linux-gnu/glib-2.0/include'
pkg_cv_GTK3_LIBS='-lgtk-3 -lgdk-3 -lpangocairo-1.0 -lpango-1.0 -latk-1.0 -lcairo-gobject -lcairo -lgdk_pixbuf-2.0 -lgio-2.0 -lgobject-2.0 -lglib-2.0'
pkg_cv_GTKDOC_DEPS_CFLAGS='-I/usr/include/glib-2.0 -I/usr/lib/x86_64-linux-gnu/glib-2.0/include'
pkg_cv_GTKDOC_DEPS_LIBS='-lgobject-2.0 -lglib-2.0'
pkg_cv_GUDEV_CFLAGS='-I/usr/include/gudev-1.0 -I/usr/include/glib-2.0 -I/usr/lib/x86_64-linux-gnu/glib-2.0/include'
pkg_cv_GUDEV_LIBS='-lgudev-1.0 -lgobject-2.0 -lglib-2.0'
pkg_cv_ISO_CODES_CFLAGS=
pkg_cv_ISO_CODES_LIBS=
pkg_cv_JANSSON_CFLAGS=
pkg_cv_JANSSON_LIBS=-ljansson
pkg_cv_LIBNM_CFLAGS='-pthread -I/usr/include/libnm -I/usr/include/libmount -I/usr/include/blkid -I/usr/include/uuid -I/usr/include/glib-2.0 -I/usr/lib/x86_64-linux-gnu/glib-2.0/include'
pkg_cv_LIBNM_GLIB_CFLAGS='-pthread -I/usr/include/libmount -I/usr/include/blkid -I/usr/include/uuid -I/usr/include/libnm-glib -I/usr/include/NetworkManager -I/usr/include/libnm-glib -I/usr/include/NetworkManager -I/usr/include/dbus-1.0 -I/usr/lib/x86_64-linux-gnu/dbus-1.0/include -I/usr/include/glib-2.0 -I/usr/lib/x86_64-linux-gnu/glib-2.0/include'
pkg_cv_LIBNM_GLIB_LIBS='-lgio-2.0 -lnm-glib -lnm-util -lnm-glib-vpn -ldbus-glib-1 -ldbus-1 -lgobject-2.0 -Wl,--export-dynamic -lgmodule-2.0 -pthread -lglib-2.0'
pkg_cv_LIBNM_LIBS='-lnm -lgio-2.0 -lgobject-2.0 -Wl,--export-dynamic -lgmodule-2.0 -pthread -lglib-2.0'
pkg_cv_LIBNOTIFY_07_CFLAGS='-pthread -I/usr/include/gdk-pixbuf-2.0 -I/usr/include/libmount -I/usr/include/blkid -I/usr/include/uuid -I/usr/include/glib-2.0 -I/usr/lib/x86_64-linux-gnu/glib-2.0/include'
pkg_cv_LIBNOTIFY_07_LIBS='-lnotify -lgdk_pixbuf-2.0 -lgio-2.0 -lgobject-2.0 -lglib-2.0'
pkg_cv_LIBSECRET_CFLAGS='-pthread -I/usr/include/libsecret-1 -I/usr/include/libmount -I/usr/include/blkid -I/usr/include/uuid -I/usr/include/glib-2.0 -I/usr/lib/x86_64-linux-gnu/glib-2.0/include'
pkg_cv_LIBSECRET_LIBS='-lsecret-1 -lgio-2.0 -lgobject-2.0 -lglib-2.0'
pkg_cv_MM_GLIB_CFLAGS='-pthread -I/usr/include/libmm-glib -I/usr/include/libmount -I/usr/include/blkid -I/usr/include/uuid -I/usr/include/glib-2.0 -I/usr/lib/x86_64-linux-gnu/glib-2.0/include -I/usr/include/ModemManager'
pkg_cv_MM_GLIB_LIBS='-lmm-glib -lgio-2.0 -lgobject-2.0 -lglib-2.0'
pkg_cv_MOBILE_BROADBAND_PROVIDER_INFO_CFLAGS=
pkg_cv_MOBILE_BROADBAND_PROVIDER_INFO_LIBS=
pkg_cv_NOTIFY_CFLAGS='-pthread -I/usr/include/gdk-pixbuf-2.0 -I/usr/include/libmount -I/usr/include/blkid -I/usr/include/uuid -I/usr/include/glib-2.0 -I/usr/lib/x86_64-linux-gnu/glib-2.0/include'
pkg_cv_NOTIFY_LIBS='-lnotify -lgdk_pixbuf-2.0 -lgio-2.0 -lgobject-2.0 -lglib-2.0'
pkg_cv_SELINUX_CFLAGS=
pkg_cv_SELINUX_LIBS=-lselinux

## ----------------- ##
## Output variables. ##
## ----------------- ##










		$(INSTALL_DATA) $^ "$(DESTDIR)$(gsettingsschemadir)"; \
		test -n "$(GSETTINGS_DISABLE_SCHEMAS_COMPILE)$(DESTDIR)" || $(GLIB_COMPILE_SCHEMAS) $(gsettingsschemadir); \
		test -z "$(gsettingsschemadir)" || $(MKDIR_P) "$(DESTDIR)$(gsettingsschemadir)"; \
	$(AM_V_GEN) $(GLIB_COMPILE_SCHEMAS) --strict --dry-run $(addprefix --schema-file=,$(gsettings__enum_file)) --schema-file=$< && mkdir -p $(@D) && touch $@
	$(AM_V_GEN) glib-mkenums --comments '\''<!-- @comment@ -->'\'' --fhead "<schemalist>" --vhead "  <@type@ id='\''$(gsettings_ENUM_NAMESPACE).@EnumName@'\''>" --vprod "    <value nick='\''@valuenick@'\'' value='\''@valuenum@'\''/>" --vtail "  </@type@>" --ftail "</schemalist>" $^ > $@.tmp && mv $@.tmp $@
	@$(NORMAL_INSTALL)
	@$(NORMAL_UNINSTALL)
	@list='\''$(gsettings_SCHEMAS) $(gsettings__enum_file)'\''; test -n "$(gsettingsschemadir)" || list=; \
	cd "$(DESTDIR)$(gsettingsschemadir)" && rm -f $$files
	echo " ( cd '\''$(DESTDIR)$(gsettingsschemadir)'\'' && rm -f" $$files ")"; \
	fi
	files=`for p in $$list; do echo $$p; done | sed -e '\''s|^.*/||'\''`; \
	if test -n "$^"; then \
	rm -f $(gsettings_SCHEMAS:.xml=.valid) $(gsettings__enum_file)
	test -n "$$files" || exit 0; \
	test -n "$(GSETTINGS_DISABLE_SCHEMAS_COMPILE)$(DESTDIR)" || $(GLIB_COMPILE_SCHEMAS) $(gsettingsschemadir)
$(gsettings__enum_file): $(gsettings_ENUM_FILES)
%.gschema.valid: %.gschema.xml $(gsettings__enum_file)
.PHONY : uninstall-gsettings-schemas install-gsettings-schemas clean-gsettings-schemas
.SECONDARY: $(gsettings_SCHEMAS)
ACLOCAL='${SHELL} /workdir/network-manager-applet/missing aclocal-1.16'
ALL_LINGUAS=''
AMDEPBACKSLASH=''
AMDEP_FALSE=''
AMDEP_TRUE='#'
AMTAR='$${TAR-tar}'
AM_BACKSLASH='\'
AM_DEFAULT_V='$(AM_DEFAULT_VERBOSITY)'
AM_DEFAULT_VERBOSITY='1'
AM_V='$(V)'
APPINDICATOR_CFLAGS='-pthread -I/usr/include/libappindicator3-0.1 -I/usr/include/libdbusmenu-glib-0.4 -I/usr/include/gtk-3.0 -I/usr/include/at-spi2-atk/2.0 -I/usr/include/at-spi-2.0 -I/usr/include/dbus-1.0 -I/usr/lib/x86_64-linux-gnu/dbus-1.0/include -I/usr/include/gtk-3.0 -I/usr/include/gio-unix-2.0 -I/usr/include/cairo -I/usr/include/libdrm -I/usr/include/pango-1.0 -I/usr/include/harfbuzz -I/usr/include/pango-1.0 -I/usr/include/fribidi -I/usr/include/atk-1.0 -I/usr/include/cairo -I/usr/include/pixman-1 -I/usr/include/freetype2 -I/usr/include/libpng16 -I/usr/include/gdk-pixbuf-2.0 -I/usr/include/libmount -I/usr/include/blkid -I/usr/include/uuid -I/usr/include/glib-2.0 -I/usr/lib/x86_64-linux-gnu/glib-2.0/include'
APPINDICATOR_LIBS='-lappindicator3 -ldbusmenu-glib -lgtk-3 -lgdk-3 -lpangocairo-1.0 -lpango-1.0 -latk-1.0 -lcairo-gobject -lcairo -lgdk_pixbuf-2.0 -lgio-2.0 -lgobject-2.0 -lglib-2.0'
AR='ar'
AUTOCONF='${SHELL} /workdir/network-manager-applet/missing autoconf'
AUTOHEADER='${SHELL} /workdir/network-manager-applet/missing autoheader'
AUTOMAKE='${SHELL} /workdir/network-manager-applet/missing automake-1.16'
AWK='mawk'
CATALOGS=''
CATOBJEXT='.gmo'
CC='gcc'
CCDEPMODE='depmode=none'
CFLAGS=' -fdata-sections -ffunction-sections -Wl,--gc-sections -g -O2 -fdebug-prefix-map=/workdir/network-manager-applet=. -fstack-protector-strong -Wformat -Werror=format-security'
CPP='gcc -E'
CPPFLAGS='-Wdate-time -D_FORTIFY_SOURCE=2'
CYGPATH_W='echo'
DATADIRNAME='share'
DBUSMENU_CFLAGS='-pthread -I/usr/include/libdbusmenu-gtk3-0.4 -I/usr/include/libdbusmenu-glib-0.4 -I/usr/include/gtk-3.0 -I/usr/include/at-spi2-atk/2.0 -I/usr/include/at-spi-2.0 -I/usr/include/dbus-1.0 -I/usr/lib/x86_64-linux-gnu/dbus-1.0/include -I/usr/include/gtk-3.0 -I/usr/include/gio-unix-2.0 -I/usr/include/cairo -I/usr/include/libdrm -I/usr/include/pango-1.0 -I/usr/include/harfbuzz -I/usr/include/pango-1.0 -I/usr/include/fribidi -I/usr/include/atk-1.0 -I/usr/include/cairo -I/usr/include/pixman-1 -I/usr/include/freetype2 -I/usr/include/libpng16 -I/usr/include/gdk-pixbuf-2.0 -I/usr/include/libmount -I/usr/include/blkid -I/usr/include/uuid -I/usr/include/glib-2.0 -I/usr/lib/x86_64-linux-gnu/glib-2.0/include'
DBUSMENU_LIBS='-ldbusmenu-gtk3 -ldbusmenu-glib -lgtk-3 -lgdk-3 -lpangocairo-1.0 -lpango-1.0 -latk-1.0 -lcairo-gobject -lcairo -lgdk_pixbuf-2.0 -lgio-2.0 -lgobject-2.0 -lglib-2.0'
DEFS='-DHAVE_CONFIG_H'
DEPDIR='.deps'
DLLTOOL='false'
DSYMUTIL=''
DUMPBIN=''
ECHO_C=''
ECHO_N='-n'
ECHO_T=''
EGREP='/usr/bin/grep -E'
ENABLE_GTK_DOC_FALSE='#'
ENABLE_GTK_DOC_TRUE=''
EXEEXT=''
FGREP='/usr/bin/grep -F'
GCR_CFLAGS='-pthread -I/usr/include/gcr-3 -I/usr/include/gtk-3.0 -I/usr/include/at-spi2-atk/2.0 -I/usr/include/at-spi-2.0 -I/usr/include/dbus-1.0 -I/usr/lib/x86_64-linux-gnu/dbus-1.0/include -I/usr/include/gtk-3.0 -I/usr/include/gio-unix-2.0 -I/usr/include/cairo -I/usr/include/libdrm -I/usr/include/pango-1.0 -I/usr/include/harfbuzz -I/usr/include/pango-1.0 -I/usr/include/fribidi -I/usr/include/atk-1.0 -I/usr/include/cairo -I/usr/include/pixman-1 -I/usr/include/freetype2 -I/usr/include/libpng16 -I/usr/include/gdk-pixbuf-2.0 -I/usr/include/gcr-3 -I/usr/include/gck-1 -I/usr/include/libmount -I/usr/include/blkid -I/usr/include/uuid -I/usr/include/glib-2.0 -I/usr/lib/x86_64-linux-gnu/glib-2.0/include -I/usr/include/p11-kit-1 -DGCR_API_SUBJECT_TO_CHANGE -DGCK_API_SUBJECT_TO_CHANGE'
GCR_LIBS='-lgcr-ui-3 -lgtk-3 -lgdk-3 -lpangocairo-1.0 -lpango-1.0 -latk-1.0 -lcairo-gobject -lcairo -lgdk_pixbuf-2.0 -lgcr-base-3 -lgck-1 -lgio-2.0 -lgobject-2.0 -lglib-2.0 -lp11-kit'
GETTEXT_PACKAGE='nm-applet'
GLIB_CFLAGS='-I/usr/include/glib-2.0 -I/usr/lib/x86_64-linux-gnu/glib-2.0/include -DG_DISABLE_SINGLE_INCLUDES'
GLIB_COMPILE_RESOURCES='/usr/bin/glib-compile-resources'
GLIB_COMPILE_SCHEMAS='/usr/lib/x86_64-linux-gnu/glib-2.0/glib-compile-schemas'
GLIB_GENMARSHAL='/usr/bin/glib-genmarshal'
GLIB_LIBS='-lglib-2.0'
GLIB_MAKEFILE='$(top_srcdir)/Makefile.glib'
GLIB_MKENUMS='/usr/bin/glib-mkenums'
GMOFILES=''
GMSGFMT='/usr/bin/msgfmt'
GREP='/usr/bin/grep'
GSETTINGS_DISABLE_SCHEMAS_COMPILE=''
GSETTINGS_RULES='
GTK3_CFLAGS='-pthread -I/usr/include/gtk-3.0 -I/usr/include/at-spi2-atk/2.0 -I/usr/include/at-spi-2.0 -I/usr/include/dbus-1.0 -I/usr/lib/x86_64-linux-gnu/dbus-1.0/include -I/usr/include/gtk-3.0 -I/usr/include/gio-unix-2.0 -I/usr/include/cairo -I/usr/include/libdrm -I/usr/include/pango-1.0 -I/usr/include/harfbuzz -I/usr/include/pango-1.0 -I/usr/include/fribidi -I/usr/include/atk-1.0 -I/usr/include/cairo -I/usr/include/pixman-1 -I/usr/include/freetype2 -I/usr/include/libpng16 -I/usr/include/gdk-pixbuf-2.0 -I/usr/include/libmount -I/usr/include/blkid -I/usr/include/uuid -I/usr/include/glib-2.0 -I/usr/lib/x86_64-linux-gnu/glib-2.0/include -DGDK_VERSION_MIN_REQUIRED=GDK_VERSION_3_4 -DGTK_VERSION_MAX_ALLOWED=GTK_VERSION_3_4'
GTK3_LIBS='-lgtk-3 -lgdk-3 -lpangocairo-1.0 -lpango-1.0 -latk-1.0 -lcairo-gobject -lcairo -lgdk_pixbuf-2.0 -lgio-2.0 -lgobject-2.0 -lglib-2.0'
GTKDOC_CHECK='gtkdoc-check.test'
GTKDOC_CHECK_PATH='/usr/bin/gtkdoc-check'
GTKDOC_DEPS_CFLAGS='-I/usr/include/glib-2.0 -I/usr/lib/x86_64-linux-gnu/glib-2.0/include'
GTKDOC_DEPS_LIBS='-lgobject-2.0 -lglib-2.0'
GTKDOC_MKPDF='/usr/bin/gtkdoc-mkpdf'
GTKDOC_REBASE='/usr/bin/gtkdoc-rebase'
GTK_DOC_BUILD_HTML_FALSE='#'
GTK_DOC_BUILD_HTML_TRUE=''
GTK_DOC_BUILD_PDF_FALSE=''
GTK_DOC_BUILD_PDF_TRUE='#'
GTK_DOC_USE_LIBTOOL_FALSE='#'
GTK_DOC_USE_LIBTOOL_TRUE=''
GTK_DOC_USE_REBASE_FALSE='#'
GTK_DOC_USE_REBASE_TRUE=''
GUDEV_CFLAGS='-I/usr/include/gudev-1.0 -I/usr/include/glib-2.0 -I/usr/lib/x86_64-linux-gnu/glib-2.0/include'
GUDEV_LIBS='-lgudev-1.0 -lgobject-2.0 -lglib-2.0'
HAVE_GBT_FALSE=''
HAVE_GBT_TRUE='#'
HAVE_GTK_DOC_FALSE='#'
HAVE_GTK_DOC_TRUE=''
HAVE_INTROSPECTION_FALSE='#'
HAVE_INTROSPECTION_TRUE=''
HTML_DIR='${datadir}/gtk-doc/html'
INSTALL_DATA='${INSTALL} -m 644'
INSTALL_PROGRAM='${INSTALL}'
INSTALL_SCRIPT='${INSTALL}'
INSTALL_STRIP_PROGRAM='$(install_sh) -c -s'
INSTOBJEXT='.mo'
INTLLIBS=''
INTLTOOL_CAVES_RULE='%.caves:     %.caves.in     $(INTLTOOL_MERGE) $(wildcard $(top_srcdir)/po/*.po) ; $(INTLTOOL_V_MERGE)LC_ALL=C $(INTLTOOL_MERGE) $(INTLTOOL_V_MERGE_OPTIONS) -d -u -c $(top_builddir)/po/.intltool-merge-cache $(top_srcdir)/po $< $@'
INTLTOOL_DESKTOP_RULE='%.desktop:   %.desktop.in   $(INTLTOOL_MERGE) $(wildcard $(top_srcdir)/po/*.po) ; $(INTLTOOL_V_MERGE)LC_ALL=C $(INTLTOOL_MERGE) $(INTLTOOL_V_MERGE_OPTIONS) -d -u -c $(top_builddir)/po/.intltool-merge-cache $(top_srcdir)/po $< $@'
INTLTOOL_DIRECTORY_RULE='%.directory: %.directory.in $(INTLTOOL_MERGE) $(wildcard $(top_srcdir)/po/*.po) ; $(INTLTOOL_V_MERGE)LC_ALL=C $(INTLTOOL_MERGE) $(INTLTOOL_V_MERGE_OPTIONS) -d -u -c $(top_builddir)/po/.intltool-merge-cache $(top_srcdir)/po $< $@'
INTLTOOL_EXTRACT='/usr/bin/intltool-extract'
INTLTOOL_KBD_RULE='%.kbd:       %.kbd.in       $(INTLTOOL_MERGE) $(wildcard $(top_srcdir)/po/*.po) ; $(INTLTOOL_V_MERGE)LC_ALL=C $(INTLTOOL_MERGE) $(INTLTOOL_V_MERGE_OPTIONS) -x -u -m -c $(top_builddir)/po/.intltool-merge-cache $(top_srcdir)/po $< $@'
INTLTOOL_KEYS_RULE='%.keys:      %.keys.in      $(INTLTOOL_MERGE) $(wildcard $(top_srcdir)/po/*.po) ; $(INTLTOOL_V_MERGE)LC_ALL=C $(INTLTOOL_MERGE) $(INTLTOOL_V_MERGE_OPTIONS) -k -u -c $(top_builddir)/po/.intltool-merge-cache $(top_srcdir)/po $< $@'
INTLTOOL_MERGE='/usr/bin/intltool-merge'
INTLTOOL_OAF_RULE='%.oaf:       %.oaf.in       $(INTLTOOL_MERGE) $(wildcard $(top_srcdir)/po/*.po) ; $(INTLTOOL_V_MERGE)LC_ALL=C $(INTLTOOL_MERGE) $(INTLTOOL_V_MERGE_OPTIONS) -o -p $(top_srcdir)/po $< $@'
INTLTOOL_PERL='/usr/bin/perl'
INTLTOOL_POLICY_RULE='%.policy:    %.policy.in    $(INTLTOOL_MERGE) $(wildcard $(top_srcdir)/po/*.po) ; $(INTLTOOL_V_MERGE)LC_ALL=C $(INTLTOOL_MERGE) $(INTLTOOL_V_MERGE_OPTIONS) -x -u -c $(top_builddir)/po/.intltool-merge-cache $(top_srcdir)/po $< $@'
INTLTOOL_PONG_RULE='%.pong:      %.pong.in      $(INTLTOOL_MERGE) $(wildcard $(top_srcdir)/po/*.po) ; $(INTLTOOL_V_MERGE)LC_ALL=C $(INTLTOOL_MERGE) $(INTLTOOL_V_MERGE_OPTIONS) -x -u -c $(top_builddir)/po/.intltool-merge-cache $(top_srcdir)/po $< $@'
INTLTOOL_PROP_RULE='%.prop:      %.prop.in      $(INTLTOOL_MERGE) $(wildcard $(top_srcdir)/po/*.po) ; $(INTLTOOL_V_MERGE)LC_ALL=C $(INTLTOOL_MERGE) $(INTLTOOL_V_MERGE_OPTIONS) -d -u -c $(top_builddir)/po/.intltool-merge-cache $(top_srcdir)/po $< $@'
INTLTOOL_SCHEMAS_RULE='%.schemas:   %.schemas.in   $(INTLTOOL_MERGE) $(wildcard $(top_srcdir)/po/*.po) ; $(INTLTOOL_V_MERGE)LC_ALL=C $(INTLTOOL_MERGE) $(INTLTOOL_V_MERGE_OPTIONS) -s -u -c $(top_builddir)/po/.intltool-merge-cache $(top_srcdir)/po $< $@'
INTLTOOL_SERVER_RULE='%.server:    %.server.in    $(INTLTOOL_MERGE) $(wildcard $(top_srcdir)/po/*.po) ; $(INTLTOOL_V_MERGE)LC_ALL=C $(INTLTOOL_MERGE) $(INTLTOOL_V_MERGE_OPTIONS) -o -u -c $(top_builddir)/po/.intltool-merge-cache $(top_srcdir)/po $< $@'
INTLTOOL_SERVICE_RULE='%.service: %.service.in   $(INTLTOOL_MERGE) $(wildcard $(top_srcdir)/po/*.po) ; $(INTLTOOL_V_MERGE)LC_ALL=C $(INTLTOOL_MERGE) $(INTLTOOL_V_MERGE_OPTIONS) -d -u -c $(top_builddir)/po/.intltool-merge-cache $(top_srcdir)/po $< $@'
INTLTOOL_SHEET_RULE='%.sheet:     %.sheet.in     $(INTLTOOL_MERGE) $(wildcard $(top_srcdir)/po/*.po) ; $(INTLTOOL_V_MERGE)LC_ALL=C $(INTLTOOL_MERGE) $(INTLTOOL_V_MERGE_OPTIONS) -x -u -c $(top_builddir)/po/.intltool-merge-cache $(top_srcdir)/po $< $@'
INTLTOOL_SOUNDLIST_RULE='%.soundlist: %.soundlist.in $(INTLTOOL_MERGE) $(wildcard $(top_srcdir)/po/*.po) ; $(INTLTOOL_V_MERGE)LC_ALL=C $(INTLTOOL_MERGE) $(INTLTOOL_V_MERGE_OPTIONS) -d -u -c $(top_builddir)/po/.intltool-merge-cache $(top_srcdir)/po $< $@'
INTLTOOL_THEME_RULE='%.theme:     %.theme.in     $(INTLTOOL_MERGE) $(wildcard $(top_srcdir)/po/*.po) ; $(INTLTOOL_V_MERGE)LC_ALL=C $(INTLTOOL_MERGE) $(INTLTOOL_V_MERGE_OPTIONS) -d -u -c $(top_builddir)/po/.intltool-merge-cache $(top_srcdir)/po $< $@'
INTLTOOL_UI_RULE='%.ui:        %.ui.in        $(INTLTOOL_MERGE) $(wildcard $(top_srcdir)/po/*.po) ; $(INTLTOOL_V_MERGE)LC_ALL=C $(INTLTOOL_MERGE) $(INTLTOOL_V_MERGE_OPTIONS) -x -u -c $(top_builddir)/po/.intltool-merge-cache $(top_srcdir)/po $< $@'
INTLTOOL_UPDATE='/usr/bin/intltool-update'
INTLTOOL_V_MERGE='$(INTLTOOL__v_MERGE_$(V))'
INTLTOOL_V_MERGE_OPTIONS='$(intltool__v_merge_options_$(V))'
INTLTOOL_XAM_RULE='%.xam:       %.xml.in       $(INTLTOOL_MERGE) $(wildcard $(top_srcdir)/po/*.po) ; $(INTLTOOL_V_MERGE)LC_ALL=C $(INTLTOOL_MERGE) $(INTLTOOL_V_MERGE_OPTIONS) -x -u -c $(top_builddir)/po/.intltool-merge-cache $(top_srcdir)/po $< $@'
INTLTOOL_XML_NOMERGE_RULE='%.xml:       %.xml.in       $(INTLTOOL_MERGE) ; $(INTLTOOL_V_MERGE)LC_ALL=C $(INTLTOOL_MERGE) $(INTLTOOL_V_MERGE_OPTIONS) -x -u --no-translations $< $@'
INTLTOOL_XML_RULE='%.xml:       %.xml.in       $(INTLTOOL_MERGE) $(wildcard $(top_srcdir)/po/*.po) ; $(INTLTOOL_V_MERGE)LC_ALL=C $(INTLTOOL_MERGE) $(INTLTOOL_V_MERGE_OPTIONS) -x -u -c $(top_builddir)/po/.intltool-merge-cache $(top_srcdir)/po $< $@'
INTLTOOL__v_MERGE_0='@echo "  ITMRG " $@;'
INTLTOOL__v_MERGE_='$(INTLTOOL__v_MERGE_$(AM_DEFAULT_VERBOSITY))'
INTL_MACOSX_LIBS=''
INTROSPECTION_CFLAGS='-pthread -I/usr/include/gobject-introspection-1.0 -I/usr/include/glib-2.0 -I/usr/lib/x86_64-linux-gnu/glib-2.0/include'
INTROSPECTION_COMPILER='/usr/bin/g-ir-compiler'
INTROSPECTION_GENERATE='/usr/bin/g-ir-generate'
INTROSPECTION_GIRDIR='/usr/share/gir-1.0'
INTROSPECTION_LIBS='-lgirepository-1.0 -lgobject-2.0 -lglib-2.0'
INTROSPECTION_MAKEFILE='/usr/share/gobject-introspection-1.0/Makefile.introspection'
INTROSPECTION_SCANNER='CFLAGS="${CFLAGS} -Wno-error" /usr/bin/g-ir-scanner'
INTROSPECTION_TYPELIBDIR='/usr/lib/x86_64-linux-gnu/girepository-1.0'
ISO_CODES_CFLAGS=''
ISO_CODES_LIBS=''
JANSSON_CFLAGS=''
JANSSON_LIBS='-ljansson'
LD='/usr/bin/ld -m elf_x86_64'
LDFLAGS='-Wl,-Bsymbolic-functions -Wl,-z,relro -Wl,-z,defs -Wl,--as-needed'
LIBNM_CFLAGS='-pthread -I/usr/include/libnm -I/usr/include/libmount -I/usr/include/blkid -I/usr/include/uuid -I/usr/include/glib-2.0 -I/usr/lib/x86_64-linux-gnu/glib-2.0/include -DGLIB_VERSION_MIN_REQUIRED=GLIB_VERSION_2_38 -DGLIB_VERSION_MAX_ALLOWED=GLIB_VERSION_2_38 -DNM_VERSION_MIN_REQUIRED=NM_VERSION_1_8 -DNM_VERSION_MAX_ALLOWED=NM_VERSION_1_8'
LIBNM_GLIB_CFLAGS='-pthread -I/usr/include/libmount -I/usr/include/blkid -I/usr/include/uuid -I/usr/include/libnm-glib -I/usr/include/NetworkManager -I/usr/include/libnm-glib -I/usr/include/NetworkManager -I/usr/include/dbus-1.0 -I/usr/lib/x86_64-linux-gnu/dbus-1.0/include -I/usr/include/glib-2.0 -I/usr/lib/x86_64-linux-gnu/glib-2.0/include -DGLIB_VERSION_MIN_REQUIRED=GLIB_VERSION_2_38 -DGLIB_VERSION_MAX_ALLOWED=GLIB_VERSION_2_38 -DNM_VERSION_MIN_REQUIRED=NM_VERSION_1_4 -DNM_VERSION_MAX_ALLOWED=NM_VERSION_1_4'
LIBNM_GLIB_LIBS='-lgio-2.0 -lnm-glib -lnm-util -lnm-glib-vpn -ldbus-glib-1 -ldbus-1 -lgobject-2.0 -Wl,--export-dynamic -lgmodule-2.0 -pthread -lglib-2.0'
LIBNM_LIBS='-lnm -lgio-2.0 -lgobject-2.0 -Wl,--export-dynamic -lgmodule-2.0 -pthread -lglib-2.0'
LIBNOTIFY_07_CFLAGS='-pthread -I/usr/include/gdk-pixbuf-2.0 -I/usr/include/libmount -I/usr/include/blkid -I/usr/include/uuid -I/usr/include/glib-2.0 -I/usr/lib/x86_64-linux-gnu/glib-2.0/include'
LIBNOTIFY_07_LIBS='-lnotify -lgdk_pixbuf-2.0 -lgio-2.0 -lgobject-2.0 -lglib-2.0'
LIBOBJS=''
LIBS=''
LIBSECRET_CFLAGS='-pthread -I/usr/include/libsecret-1 -I/usr/include/libmount -I/usr/include/blkid -I/usr/include/uuid -I/usr/include/glib-2.0 -I/usr/lib/x86_64-linux-gnu/glib-2.0/include'
LIBSECRET_LIBS='-lsecret-1 -lgio-2.0 -lgobject-2.0 -lglib-2.0'
LIBTOOL='$(SHELL) $(top_builddir)/libtool'
LIPO=''
LN_S='ln -s'
LTLIBOBJS=''
LT_SYS_LIBRARY_PATH=''
MAINT='#'
MAINTAINER_MODE_FALSE=''
MAINTAINER_MODE_TRUE='#'
MAKEINFO='${SHELL} /workdir/network-manager-applet/missing makeinfo'
MANIFEST_TOOL=':'
MKDIR_P='/usr/bin/mkdir -p'
MKINSTALLDIRS='./mkinstalldirs'
MM_GLIB_CFLAGS='-pthread -I/usr/include/libmm-glib -I/usr/include/libmount -I/usr/include/blkid -I/usr/include/uuid -I/usr/include/glib-2.0 -I/usr/lib/x86_64-linux-gnu/glib-2.0/include -I/usr/include/ModemManager'
MM_GLIB_LIBS='-lmm-glib -lgio-2.0 -lgobject-2.0 -lglib-2.0'
MOBILE_BROADBAND_PROVIDER_INFO_CFLAGS=''
MOBILE_BROADBAND_PROVIDER_INFO_LIBS=''
MSGFMT='/usr/bin/msgfmt'
MSGFMT_OPTS='-c'
MSGMERGE='/usr/bin/msgmerge'
NM='/usr/bin/nm -B'
NMA_MAJOR_VERSION='1'
NMA_MICRO_VERSION='20'
NMA_MINOR_VERSION='8'
NMA_VERSION='1.8.20'
NMEDIT=''
NOTIFY_CFLAGS='-pthread -I/usr/include/gdk-pixbuf-2.0 -I/usr/include/libmount -I/usr/include/blkid -I/usr/include/uuid -I/usr/include/glib-2.0 -I/usr/lib/x86_64-linux-gnu/glib-2.0/include'
NOTIFY_LIBS='-lnotify -lgdk_pixbuf-2.0 -lgio-2.0 -lgobject-2.0 -lglib-2.0'
OBJDUMP='objdump'
OBJEXT='o'
OTOOL64=''
OTOOL=''
PACKAGE='network-manager-applet'
PACKAGE_BUGREPORT='https://gitlab.gnome.org/GNOME/network-manager-applet/issues'
PACKAGE_NAME='nm-applet'
PACKAGE_STRING='nm-applet 1.8.20'
PACKAGE_TARNAME='network-manager-applet'
PACKAGE_URL=''
PACKAGE_VERSION='1.8.20'
PATH_SEPARATOR=':'
PKG_CONFIG='/usr/bin/pkg-config'
PKG_CONFIG_LIBDIR=''
PKG_CONFIG_PATH=''
POFILES=''
POSUB='po'
PO_IN_DATADIR_FALSE=''
PO_IN_DATADIR_TRUE=''
RANLIB='ranlib'
SED='/usr/bin/sed'
SELINUX_CFLAGS=''
SELINUX_LIBS='-lselinux'
SET_MAKE=''
SHELL='/bin/bash'
STRIP='strip'
USE_NLS='yes'
VERSION='1.8.20'
WITH_GCR_FALSE='#'
WITH_GCR_TRUE=''
WITH_JANSSON_FALSE='#'
WITH_JANSSON_TRUE=''
WITH_LIBNM_GTK_FALSE='#'
WITH_LIBNM_GTK_TRUE=''
WITH_SELINUX_FALSE='#'
WITH_SELINUX_TRUE=''
WITH_WWAN_FALSE='#'
WITH_WWAN_TRUE=''
XGETTEXT='/usr/bin/xgettext'
ac_ct_AR='ar'
ac_ct_CC='gcc'
ac_ct_DUMPBIN=''
all-am: $(gsettings_SCHEMAS:.xml=.valid)
am__EXEEXT_FALSE=''
am__EXEEXT_TRUE='#'
am__fastdepCC_FALSE=''
am__fastdepCC_TRUE='#'
am__include='include'
am__isrc=''
am__leading_dot='.'
am__nodep=''
am__quote=''
am__tar='$${TAR-tar} chof - "$$tardir"'
am__untar='$${TAR-tar} xf -'
bindir='${exec_prefix}/bin'
build='x86_64-pc-linux-gnu'
build_alias='x86_64-linux-gnu'
build_cpu='x86_64'
build_os='linux-gnu'
build_vendor='pc'
clean-gsettings-schemas:
datadir='${datarootdir}'
datarootdir='${prefix}/share'
docdir='${datarootdir}/doc/${PACKAGE_TARNAME}'
dvidir='${docdir}'
endif'
exec_prefix='${prefix}'
gsettings__enum_file = $(addsuffix .enums.xml,$(gsettings_ENUM_NAMESPACE))
gsettingsschemadir='${datarootdir}/glib-2.0/schemas'
has_file='yes'
has_find='yes'
host='x86_64-pc-linux-gnu'
host_alias=''
host_cpu='x86_64'
host_os='linux-gnu'
host_vendor='pc'
htmldir='${docdir}'
ifdef gsettings_ENUM_NAMESPACE
includedir='${prefix}/include'
infodir='${prefix}/share/info'
install-data-am: install-gsettings-schemas
install-gsettings-schemas: $(gsettings_SCHEMAS) $(gsettings__enum_file)
install_sh='${SHELL} /workdir/network-manager-applet/install-sh'
intltool__v_merge_options_0='-q'
intltool__v_merge_options_='$(intltool__v_merge_options_$(AM_DEFAULT_VERBOSITY))'
libdir='${prefix}/lib/x86_64-linux-gnu'
libexecdir='/usr/lib/NetworkManager'
localedir='${datarootdir}/locale'
localstatedir='/var'
mandir='${prefix}/share/man'
mkdir_p='$(MKDIR_P)'
mostlyclean-am: clean-gsettings-schemas
oldincludedir='/usr/include'
pdfdir='${docdir}'
prefix='/usr'
program_transform_name='s,x,x,'
psdir='${docdir}'
runstatedir='/run'
sbindir='${exec_prefix}/sbin'
sharedstatedir='${prefix}/com'
sysconfdir='/etc'
target_alias=''
uninstall-am: uninstall-gsettings-schemas
uninstall-gsettings-schemas:

## ----------- ##
## confdefs.h. ##
## ----------- ##

/* confdefs.h */
#define PACKAGE_NAME "nm-applet"
#define PACKAGE_TARNAME "network-manager-applet"
#define PACKAGE_VERSION "1.8.20"
#define PACKAGE_STRING "nm-applet 1.8.20"
#define PACKAGE_BUGREPORT "https://gitlab.gnome.org/GNOME/network-manager-applet/issues"
#define PACKAGE_URL ""
#define PACKAGE "network-manager-applet"
#define VERSION "1.8.20"
#define STDC_HEADERS 1
#define HAVE_SYS_TYPES_H 1
#define HAVE_SYS_STAT_H 1
#define HAVE_STDLIB_H 1
#define HAVE_STRING_H 1
#define HAVE_MEMORY_H 1
#define HAVE_STRINGS_H 1
#define HAVE_INTTYPES_H 1
#define HAVE_STDINT_H 1
#define HAVE_UNISTD_H 1
#define __EXTENSIONS__ 1
#define _ALL_SOURCE 1
#define _GNU_SOURCE 1
#define _POSIX_PTHREAD_SEMANTICS 1
#define _TANDEM_SOURCE 1
#define HAVE_DLFCN_H 1
#define LT_OBJDIR ".libs/"
#define NMA_GIT_SHA ""
#define GETTEXT_PACKAGE "nm-applet"
#define HAVE_LOCALE_H 1
#define HAVE_LC_MESSAGES 1
#define HAVE_BIND_TEXTDOMAIN_CODESET 1
#define HAVE_GETTEXT 1
#define HAVE_DCGETTEXT 1
#define ENABLE_NLS 1
#define ISO_CODES_PREFIX "/usr"
#define MOBILE_BROADBAND_PROVIDER_INFO_DATABASE "/usr/share/mobile-broadband-provider-info/serviceproviders.xml"
#define HAVE_LIBNOTIFY_07 1
#define WITH_APPINDICATOR 1
#define USE_AYATANA_INDICATORS 0
#define WITH_WWAN 1
#define WITH_SELINUX 1
#define WITH_JANSSON 1
#define WITH_GCR 1
#define NM_MORE_ASSERTS 0

configure: exit 0
